#
# A fatal error has been detected by the Java Runtime Environment:
#
#  EXCEPTION_ACCESS_VIOLATION (0xc0000005) at pc=0x00007ff866df1870, pid=19784, tid=10632
#
# JRE version: Java(TM) SE Runtime Environment (25.0.1+8) (build 25.0.1+8-LTS-27)
# Java VM: Java HotSpot(TM) 64-Bit Server VM (25.0.1+8-LTS-27, mixed mode, sharing, tiered, compressed oops, compressed class ptrs, g1 gc, windows-amd64)
# Problematic frame:
# C  [jemalloc.dll+0x31870]
#
# No core dump will be written. Minidumps are not enabled by default on client versions of Windows
#
# If you would like to submit a bug report, please visit:
#   https://bugreport.java.com/bugreport/crash.jsp
# The crash happened outside the Java Virtual Machine in native code.
# See problematic frame for where to report the bug.
#

---------------  S U M M A R Y ------------

Command Line: -Dfile.encoding=UTF-8 -Duser.country=GB -Duser.language=en -Duser.variant com.servilious.projmtn.Game -enableDevMode

Host: 13th Gen Intel(R) Core(TM) i5-13420H, 12 cores, 15G,  Windows 11 , 64 bit Build 26100 (10.0.26100.8521)
Time: Tue Jun 30 20:44:37 2026 GMT Summer Time elapsed time: 1.076462 seconds (0d 0h 0m 1s)

---------------  T H R E A D  ---------------

Current thread (0x000002da35228b70):  JavaThread "main"             [_thread_in_native, id=10632, stack(0x000000fd8c900000,0x000000fd8ca00000) (1024K)]

Stack: [0x000000fd8c900000,0x000000fd8ca00000],  sp=0x000000fd8c9fd260,  free space=1012k
Native frames: (J=compiled Java code, j=interpreted, Vv=VM code, C=native code)
C  [jemalloc.dll+0x31870]  (no source info available)
C  [jemalloc.dll+0x319cc]  (no source info available)
C  [jemalloc.dll+0x312b7]  (no source info available)
C  [jemalloc.dll+0x31342]  (no source info available)
C  [jemalloc.dll+0x31410]  (no source info available)
C  [jemalloc.dll+0x33f3f]  (no source info available)
C  [jemalloc.dll+0x5c5d]  (no source info available)
C  [lwjgl_stb.dll+0xef8a]  (no source info available)
C  [lwjgl_stb.dll+0x38ba]  (no source info available)
C  [lwjgl_stb.dll+0x42c5]  (no source info available)
C  [lwjgl_stb.dll+0x4766]  (no source info available)
C  0x000002da4746d193  (no source info available)

The last pc belongs to native method entry point (kind = native) (printed below).
Java frames: (J=compiled Java code, j=interpreted, Vv=VM code)
j  org.lwjgl.stb.STBImage.nstbi_load(JJJJI)J+0
j  org.lwjgl.stb.STBImage.stbi_load(Ljava/lang/CharSequence;Ljava/nio/IntBuffer;Ljava/nio/IntBuffer;Ljava/nio/IntBuffer;I)Ljava/nio/ByteBuffer;+64
j  com.servilious.projmtn.renderer.VertexLoader.loadCubemap([Ljava/lang/String;)I+77
j  com.servilious.projmtn.cubemap.CubemapRenderer.<init>(Lcom/servilious/projmtn/renderer/VertexLoader;Lorg/joml/Matrix4f;Lcom/servilious/projmtn/window/GameWindowManager;)V+37
j  com.servilious.projmtn.renderer.MasterRenderer.<init>(Lcom/servilious/projmtn/renderer/VertexLoader;Lcom/servilious/projmtn/window/GameWindowManager;)V+104
j  com.servilious.projmtn.Game.main([Ljava/lang/String;)V+1163
v  ~StubRoutines::call_stub 0x000002da474612ed

siginfo: EXCEPTION_ACCESS_VIOLATION (0xc0000005), reading address 0x0000000000000000


Registers:
RAX=0x0000000000000000, RBX=0x0000000000000030, RCX=0x00000000000000ff, RDX=0x0000000000000000
RSP=0x000000fd8c9fd260, RBP=0x0000000000000005, RSI=0x000000fd8c9fd2f0, RDI=0x000002da5bbbef08
R8 =0x0000000000000001, R9 =0x0000000000000005, R10=0x00000000000000ff, R11=0x0000000000035560
R12=0x000000fd8c9fd378, R13=0x000002da5bbbed10, R14=0x0000000000000005, R15=0x000000fd8c9fd2f0
RIP=0x00007ff866df1870, EFLAGS=0x0000000000010246

XMM[0]=0x0000000000000000 0x0000000000000000
XMM[1]=0x0000000000000000 0x0000000000000000
XMM[2]=0x0000000000000000 0x0000000000000000
XMM[3]=0x0000000000000000 0x0000000000000000
XMM[4]=0x0000000000000000 0x0000000000000000
XMM[5]=0x0000000000000000 0x0000000000000000
XMM[6]=0x0000000000000000 0x0000000000000000
XMM[7]=0x0000000000000000 0x0000000000000000
XMM[8]=0x0000000000000000 0x000000000000fefa
XMM[9]=0x0000000000000000 0x000000000000fef8
XMM[10]=0x0000000000000000 0x0000000022af2d44
XMM[11]=0x0000000000000000 0x000000000000fef7
XMM[12]=0x0000000000000000 0x00000000dd31c85e
XMM[13]=0x0000000000000000 0x0000000000000000
XMM[14]=0x0000000000000000 0x0000000000000000
XMM[15]=0x0000000000000000 0x0000000000000000
  MXCSR=0x00001fa2


Register to memory mapping:

RAX=0x0 is null
RBX=0x0000000000000030 is an unknown value
RCX=0x00000000000000ff is an unknown value
RDX=0x0 is null
RSP=0x000000fd8c9fd260 is pointing into the stack for thread: 0x000002da35228b70
RBP=0x0000000000000005 is an unknown value
RSI=0x000000fd8c9fd2f0 is pointing into the stack for thread: 0x000002da35228b70
RDI=0x000002da5bbbef08 points into unknown readable memory: 0x0000000000000001 | 01 00 00 00 00 00 00 00
R8 =0x0000000000000001 is an unknown value
R9 =0x0000000000000005 is an unknown value
R10=0x00000000000000ff is an unknown value
R11=0x0000000000035560 is an unknown value
R12=0x000000fd8c9fd378 is pointing into the stack for thread: 0x000002da35228b70
R13=0x000002da5bbbed10 points into unknown readable memory: 0x0000000000000001 | 01 00 00 00 00 00 00 00
R14=0x0000000000000005 is an unknown value
R15=0x000000fd8c9fd2f0 is pointing into the stack for thread: 0x000002da35228b70

Top of Stack: (sp=0x000000fd8c9fd260)
0x000000fd8c9fd260:   000000fd8c9fd3d0 00007ff934695164   ........dQi4....
0x000000fd8c9fd270:   000002da5bbbed10 000002da5d01bd80   ...[.......]....
0x000000fd8c9fd280:   000000000000001c 000002da5d00d808   ...........]....
0x000000fd8c9fd290:   000002da5bbbed10 0000000000000005   ...[............
0x000000fd8c9fd2a0:   0000000000000000 000002da5bbbf0b0   ...........[....
0x000000fd8c9fd2b0:   000002da5bbbf0b0 00007ff866df19cc   ...[.......f....
0x000000fd8c9fd2c0:   0000000000000030 000000fd8c9fd2f0   0...............
0x000000fd8c9fd2d0:   000000fd8c9fd320 00000000000000ff    ...............
0x000000fd8c9fd2e0:   000000fd8c9fd2f0 00007ff866df19ac   ...........f....
0x000000fd8c9fd2f0:   000002da5d016a80 0000000000000000   .j.]............
0x000000fd8c9fd300:   000002da5d3aabc0 000002da5d3aabc0   ..:]......:]....
0x000000fd8c9fd310:   000002da5d3aabc0 00007ff866de066b   ..:]....k..f....
0x000000fd8c9fd320:   0000000000000000 0000000000000005   ................
0x000000fd8c9fd330:   000002da00000000 000002da5bbbf0b0   ...........[....
0x000000fd8c9fd340:   000000fd8c9fd3c0 000000fd8c9fd438   ........8.......
0x000000fd8c9fd350:   000000fd8c9fd2f0 000002da00000000   ................
0x000000fd8c9fd360:   000002da5bbbed10 000002da5d0000c0   ...[.......]....
0x000000fd8c9fd370:   0000000000000000 0000000000000005   ................
0x000000fd8c9fd380:   000002da35550620 00007ff866dded85    .U5.......f....
0x000000fd8c9fd390:   0000000000000000 000002da5d001040   ........@..]....
0x000000fd8c9fd3a0:   0000000000000000 0000000000000000   ................
0x000000fd8c9fd3b0:   0000000000101000 0000000000000005   ................
0x000000fd8c9fd3c0:   000002da35550620 000002da5bbbedb9    .U5.......[....
0x000000fd8c9fd3d0:   000000fd8c9fd438 000002da5bbbed10   8..........[....
0x000000fd8c9fd3e0:   00007ff866dc0000 000002da5d017580   ...f.....u.]....
0x000000fd8c9fd3f0:   000002da5bbbed10 000002da5d0000c0   ...[.......]....
0x000000fd8c9fd400:   0000000000000000 0000000000000000   ................
0x000000fd8c9fd410:   0000000000101000 00007ff866de7d47   ........G}.f....
0x000000fd8c9fd420:   0000000000000040 000002da5d003fe0   @........?.]....
0x000000fd8c9fd430:   000002da5bbbed10 0000000000101001   ...[............
0x000000fd8c9fd440:   0000000000000000 0000000000101000   ................
0x000000fd8c9fd450:   0000000000000040 0000000000040000   @...............

Instructions: (pc=0x00007ff866df1870)
  0x00007ff866df1770:   00 48 89 4e 08 4a 8d 04 d9 e9 a7 00 00 00 ba 01
  0x00007ff866df1780:   00 00 00 48 8d 87 10 01 00 00 66 0f 1f 44 00 00
  0x00007ff866df1790:   48 39 18 74 2c ff c2 48 83 c0 10 83 fa 08 72 f0
  0x00007ff866df17a0:   c6 44 24 28 00 48 8d 15 f4 6a 03 00 4d 8b cb c6
  0x00007ff866df17b0:   44 24 20 01 4c 8b c7 49 8b cd e8 11 85 ff ff eb
  0x00007ff866df17c0:   67 8d 42 ff 8b ca 4c 8d 40 10 44 8b ca 8b d0 4d
  0x00007ff866df17d0:   03 c0 48 03 d2 49 c1 eb 0c 4d 03 c9 48 83 c1 10
  0x00007ff866df17e0:   48 03 c9 4a 8b 04 c7 41 81 e3 ff ff 03 00 4e 8b
  0x00007ff866df17f0:   94 cf 08 01 00 00 48 89 04 cf 48 8b 84 d7 08 01
  0x00007ff866df1800:   00 00 4a 89 84 cf 08 01 00 00 48 8b 06 4a 89 04
  0x00007ff866df1810:   c7 48 8b 46 08 48 89 84 d7 08 01 00 00 4b 8d 04
  0x00007ff866df1820:   da 4c 89 56 08 48 89 1e 49 89 04 ef 48 ff c5 49
  0x00007ff866df1830:   3b ee 0f 82 c8 fe ff ff 48 8b 74 24 68 45 33 c0
  0x00007ff866df1840:   48 8b 5c 24 60 66 66 66 0f 1f 84 00 00 00 00 00
  0x00007ff866df1850:   4b 8b 04 c7 48 8b 10 48 83 e2 80 48 c1 e2 10 48
  0x00007ff866df1860:   c1 fa 10 4b 89 14 c7 33 c0 0f 1f 80 00 00 00 00
=>0x00007ff866df1870:   0f b6 0c 02 48 83 c0 40 48 3d 88 00 00 00 72 f0
  0x00007ff866df1880:   49 ff c0 4d 3b c6 72 c8 48 8b 6c 24 70 48 83 c4
  0x00007ff866df1890:   30 41 5f 41 5e 41 5d 41 5c 5f c3 cc cc cc cc cc
  0x00007ff866df18a0:   44 89 4c 24 20 4c 89 44 24 18 48 89 54 24 10 55
  0x00007ff866df18b0:   56 57 41 54 41 55 41 56 41 57 48 81 ec e0 01 00
  0x00007ff866df18c0:   00 48 8d 6c 24 30 48 8b 02 49 8b f0 48 89 9d f0
  0x00007ff866df18d0:   01 00 00 48 8b fa 41 8b d9 4c 8b f9 48 89 9d 80
  0x00007ff866df18e0:   00 00 00 c6 44 24 20 01 c6 44 58 4d 00 e8 ce 0a
  0x00007ff866df18f0:   00 00 0f b7 46 14 41 ba ff 00 00 00 66 2b 06 49
  0x00007ff866df1900:   b9 f0 ff ff ff ff ff ff 0f 44 0f b7 c0 8b 85 10
  0x00007ff866df1910:   02 00 00 41 0f b7 d0 66 c1 ea 03 66 3b c2 0f b7
  0x00007ff866df1920:   ca 66 0f 46 c8 45 33 ed 66 2b d1 44 89 6d 10 0f
  0x00007ff866df1930:   b7 ca 49 8d 97 a9 00 00 00 8b c1 48 89 8d 98 00
  0x00007ff866df1940:   00 00 48 c1 e0 03 4c 2b c0 4c 03 06 48 03 d3 4c
  0x00007ff866df1950:   89 85 a0 00 00 00 48 89 95 a8 00 00 00 0f 1f 00
  0x00007ff866df1960:   48 8b 07 44 8b f1 45 2b f5 4b 8d 0c e8 45 3b f2


Stack slot to memory mapping:

stack at sp + 0 slots: 0x000000fd8c9fd3d0 is pointing into the stack for thread: 0x000002da35228b70
stack at sp + 1 slots: 0x00007ff934695164 KERNELBASE.dll
stack at sp + 2 slots: 0x000002da5bbbed10 points into unknown readable memory: 0x0000000000000001 | 01 00 00 00 00 00 00 00
stack at sp + 3 slots: 0x000002da5d01bd80 points into unknown readable memory: 0x0000000003c0a000 | 00 a0 c0 03 00 00 00 00
stack at sp + 4 slots: 0x000000000000001c is an unknown value
stack at sp + 5 slots: 0x000002da5d00d808 points into unknown readable memory: 0x0000000000000000 | 00 00 00 00 00 00 00 00
stack at sp + 6 slots: 0x000002da5bbbed10 points into unknown readable memory: 0x0000000000000001 | 01 00 00 00 00 00 00 00
stack at sp + 7 slots: 0x0000000000000005 is an unknown value

Lock stack of current Java thread (top to bottom):

native method entry point (kind = native)  [0x000002da4746cdc0, 0x000002da4746d8b8]  2808 bytes
[MachCode]
  0x000002da4746cdc0: 488b 4b08 | 0fb7 492e | 584c 8d74 | ccf8 6800 | 0000 0068 | 0000 0000 | 5055 488b | ec41 5548 
  0x000002da4746cde0: 8b43 084c | 8d68 3848 | 8b40 0868 | 0000 0000 | 5348 8b50 | 1848 8b52 | 7048 8b12 | 5248 8b53 
  0x000002da4746ce00: 1048 85d2 | 7407 4881 | c2d0 0000 | 0052 488b | 5010 5249 | 8bc6 482b | c548 c1e8 | 0350 6800 
  0x000002da4746ce20: 0000 0068 | f7ff ffff | 41c6 87f1 | 0400 0001 | 488b 4310 | 4885 c074 | 208b 8890 | 0000 0083 
  0x000002da4746ce40: c102 8988 | 9000 0000 | 2388 a400 | 0000 0f84 | b209 0000 | e9cf 0000 | 0048 8b43 | 1848 85c0 
  0x000002da4746ce60: 0f85 b000 | 0000 e805 | 0000 00e9 | 9900 0000 | 488b d348 | 8d44 2408 | 4c89 6dc0 | 498b cfc5 
  0x000002da4746ce80: f877 4989 | af38 0400 | 0049 8987 | 2804 0000 | 4883 ec20 | 40f6 c40f | 0f84 1900 | 0000 4883 
  0x000002da4746cea0: ec08 48b8 | 401f 936c | f87f 0000 | ffd0 4883 | c408 e90c | 0000 0048 | b840 1f93 | 6cf8 7f00 
  0x000002da4746cec0: 00ff d048 | 83c4 2049 | c787 2804 | 0000 0000 | 0000 49c7 | 8738 0400 | 0000 0000 | 0049 c787 
  0x000002da4746cee0: 3004 0000 | 0000 0000 | c5f8 7749 | 837f 0800 | 0f84 0500 | 0000 e9e5 | 42ff ff4c | 8b6d c04c 
  0x000002da4746cf00: 8b75 c84e | 8d74 f500 | c348 8b43 | 1848 85c0 | 0f84 1200 | 0000 8b48 | 0883 c102 | 8948 0823 
  0x000002da4746cf20: 482c 0f84 | de08 0000 | 493b a770 | 0500 000f | 8748 0000 | 0089 8424 | 00f0 ffff | 8984 2400 
  0x000002da4746cf40: e0ff ff89 | 8424 00d0 | ffff 8984 | 2400 c0ff | ff89 8424 | 00b0 ffff | 8984 2400 | a0ff ff89 
  0x000002da4746cf60: 8424 0090 | ffff 8984 | 2400 80ff | ff49 3ba7 | 6805 0000 | 7607 4989 | a770 0500 | 0041 c687 
  0x000002da4746cf80: f104 0000 | 0048 8b5d | e84c 8b5b | 0845 0fb7 | 5b2e 41c1 | e303 492b | e348 83ec | 2048 83e4 
  0x000002da4746cfa0: f04c 8b5b | 604d 85db | 0f85 ab00 | 0000 e805 | 0000 00e9 | 9900 0000 | 488b d348 | 8d44 2408 
  0x000002da4746cfc0: 4c89 6dc0 | 498b cfc5 | f877 4989 | af38 0400 | 0049 8987 | 2804 0000 | 4883 ec20 | 40f6 c40f 
  0x000002da4746cfe0: 0f84 1900 | 0000 4883 | ec08 48b8 | 7048 936c | f87f 0000 | ffd0 4883 | c408 e90c | 0000 0048 
  0x000002da4746d000: b870 4893 | 6cf8 7f00 | 00ff d048 | 83c4 2049 | c787 2804 | 0000 0000 | 0000 49c7 | 8738 0400 
  0x000002da4746d020: 0000 0000 | 0049 c787 | 3004 0000 | 0000 0000 | c5f8 7749 | 837f 0800 | 0f84 0500 | 0000 e99d 
  0x000002da4746d040: 41ff ff4c | 8b6d c04c | 8b75 c84e | 8d74 f500 | c348 8b5d | e84c 8b5b | 6041 ffd3 | 488b 5de8 
  0x000002da4746d060: 4889 4518 | 440f b75b | 2c41 f6c3 | 080f 841b | 0000 004c | 8b5b 084d | 8b5b 084d | 8b5b 184d 
  0x000002da4746d080: 8b5b 704d | 8b1b 4c89 | 5d10 488d | 5510 488b | 4358 49ba | a00f ce6c | f87f 0000 | 493b c20f 
  0x000002da4746d0a0: 85ab 0000 | 00e8 0500 | 0000 e999 | 0000 0048 | 8bd3 488d | 4424 084c | 896d c049 | 8bcf c5f8 
  0x000002da4746d0c0: 7749 89af | 3804 0000 | 4989 8728 | 0400 0048 | 83ec 2040 | f6c4 0f0f | 8419 0000 | 0048 83ec 
  0x000002da4746d0e0: 0848 b870 | 4893 6cf8 | 7f00 00ff | d048 83c4 | 08e9 0c00 | 0000 48b8 | 7048 936c | f87f 0000 
  0x000002da4746d100: ffd0 4883 | c420 49c7 | 8728 0400 | 0000 0000 | 0049 c787 | 3804 0000 | 0000 0000 | 49c7 8730 
  0x000002da4746d120: 0400 0000 | 0000 00c5 | f877 4983 | 7f08 000f | 8405 0000 | 00e9 a640 | ffff 4c8b | 6dc0 4c8b 
  0x000002da4746d140: 75c8 4e8d | 74f5 00c3 | 488b 5de8 | 488b 4358 | 498d 8f48 | 0400 004c | 8d15 d500 | 0000 4d89 
  0x000002da4746d160: 9730 0400 | 00c5 f877 | 4989 af38 | 0400 0049 | 89a7 2804 | 0000 41c7 | 87d4 0400 | 0004 0000 
  0x000002da4746d180: 0049 3ba7 | c805 0000 | 7607 4989 | a7c8 0500 | 00ff d049 | 3ba7 c805 | 0000 720b | 49c7 87c8 
  0x000002da4746d1a0: 0500 0000 | 0000 00c5 | f877 4883 | ec10 c5fb | 1104 2448 | 83ec 1048 | 8904 2448 | c744 2408 
  0x000002da4746d1c0: 0000 0000 | 41c7 87d4 | 0400 0005 | 0000 00f0 | 8344 24c0 | 0049 3b6f | 280f 870e | 0000 0041 
  0x000002da4746d1e0: 83bf d004 | 0000 000f | 8420 0000 | 0049 8bcf | 4c8b e448 | 83ec 2048 | 83e4 f048 | b8a0 ac94 
  0x000002da4746d200: 6cf8 7f00 | 00ff d049 | 8be4 4d33 | e441 c787 | d404 0000 | 0800 0000 | 4d8b 97f0 | 0500 0049 
  0x000002da4746d220: 83fa 0074 | 3549 c787 | f005 0000 | 0000 0000 | 41ff e249 | ba60 be46 | 47da 0200 | 0041 ffd2 
  0x000002da4746d240: 4883 ec10 | c5fb 1104 | 2448 83ec | 1048 8904 | 2448 c744 | 2408 0000 | 0000 49c7 | 8728 0400 
  0x000002da4746d260: 0000 0000 | 0049 c787 | 3804 0000 | 0000 0000 | 49c7 8730 | 0400 0000 | 0000 00c5 | f877 4d8b 
  0x000002da4746d280: 9fb8 0400 | 0041 c783 | 0001 0000 | 0000 0000 | 49bb 5aa7 | 4647 da02 | 0000 4c3b | 5d18 0f85 
  0x000002da4746d2a0: 5501 0000 | 488b 0424 | 4883 c410 | 4885 c00f | 842f 0100 | 00a8 030f | 8508 0000 | 0048 8b00 
  0x000002da4746d2c0: e91f 0100 | 00a8 010f | 8509 0000 | 0048 8b40 | fee9 0e01 | 0000 488b | 40ff 4180 | 7f48 000f 
  0x000002da4746d2e0: 84ff 0000 | 0048 83f8 | 000f 84f5 | 0000 004d | 8b5f 384d | 85db 0f84 | 1400 0000 | 4983 eb08 
  0x000002da4746d300: 4d89 5f38 | 4d03 5f40 | 4989 03e9 | d400 0000 | 4883 ec70 | 4889 0424 | 4889 4c24 | 0848 8954 
  0x000002da4746d320: 2410 4c89 | 4424 184c | 894c 2420 | 4c89 5424 | 284c 895c | 2430 c5fb | 1144 2440 | c5fb 114c 
  0x000002da4746d340: 2448 c5fb | 1154 2450 | c5fb 115c | 2458 c5fb | 1164 2460 | c5fb 116c | 2468 498b | d748 8bc8 
  0x000002da4746d360: 4883 ec20 | 40f6 c40f | 0f84 1900 | 0000 4883 | ec08 48b8 | 2076 876c | f87f 0000 | ffd0 4883 
  0x000002da4746d380: c408 e90c | 0000 0048 | b820 7687 | 6cf8 7f00 | 00ff d048 | 83c4 20c5 | fb10 6c24 | 68c5 fb10 
  0x000002da4746d3a0: 6424 60c5 | fb10 5c24 | 58c5 fb10 | 5424 50c5 | fb10 4c24 | 48c5 fb10 | 4424 404c | 8b5c 2430 
  0x000002da4746d3c0: 4c8b 5424 | 284c 8b4c | 2420 4c8b | 4424 1848 | 8b54 2410 | 488b 4c24 | 0848 8b04 | 2448 83c4 
  0x000002da4746d3e0: 70c5 f877 | 4889 4510 | 4883 ec10 | 4889 0424 | 48c7 4424 | 0800 0000 | 0041 83bf | 5005 0000 
  0x000002da4746d400: 020f 85bf | 0000 0048 | 81ec 8000 | 0000 4889 | 4424 7848 | 894c 2470 | 4889 5424 | 6848 895c 
  0x000002da4746d420: 2460 4889 | 6c24 5048 | 8974 2448 | 4889 7c24 | 404c 8944 | 2438 4c89 | 4c24 304c | 8954 2428 
  0x000002da4746d440: 4c89 5c24 | 204c 8964 | 2418 4c89 | 6c24 104c | 8974 2408 | 4c89 3c24 | 4c8b e448 | 83ec 2048 
  0x000002da4746d460: 83e4 f048 | b810 f7cd | 6cf8 7f00 | 00ff d049 | 8be4 4c8b | 3c24 4c8b | 7424 084c | 8b6c 2410 
  0x000002da4746d480: 4c8b 6424 | 184c 8b5c | 2420 4c8b | 5424 284c | 8b4c 2430 | 4c8b 4424 | 3848 8b7c | 2440 488b 
  0x000002da4746d4a0: 7424 4848 | 8b6c 2450 | 488b 5c24 | 6048 8b54 | 2468 488b | 4c24 7048 | 8b44 2478 | 4881 c480 
  0x000002da4746d4c0: 0000 004d | 33e4 488b | 5de8 4c8b | 6b08 4d8d | 6d38 4983 | 7f08 000f | 84bb 0000 | 00e8 0500 
  0x000002da4746d4e0: 0000 e996 | 0000 0048 | 8d44 2408 | 4c89 6dc0 | 498b cfc5 | f877 4989 | af38 0400 | 0049 8987 
  0x000002da4746d500: 2804 0000 | 4883 ec20 | 40f6 c40f | 0f84 1900 | 0000 4883 | ec08 48b8 | b066 936c | f87f 0000 
  0x000002da4746d520: ffd0 4883 | c408 e90c | 0000 0048 | b8b0 6693 | 6cf8 7f00 | 00ff d048 | 83c4 2049 | c787 2804 
  0x000002da4746d540: 0000 0000 | 0000 49c7 | 8738 0400 | 0000 0000 | 0049 c787 | 3004 0000 | 0000 0000 | c5f8 7749 
  0x000002da4746d560: 837f 0800 | 0f84 0500 | 0000 e971 | 3cff ff4c | 8b6d c04c | 8b75 c84e | 8d74 f500 | c348 b948 
  0x000002da4746d580: 08f7 6cf8 | 7f00 0048 | 83e4 f048 | b800 8dba | 6cf8 7f00 | 00ff d0f4 | 440f b75b | 2c41 f6c3 
  0x000002da4746d5a0: 200f 8472 | 0100 0048 | 8d55 a84c | 8b5a 084d | 85db 0f85 | bb00 0000 | e805 0000 | 00e9 9600 
  0x000002da4746d5c0: 0000 488d | 4424 084c | 896d c049 | 8bcf c5f8 | 7749 89af | 3804 0000 | 4989 8728 | 0400 0048 
  0x000002da4746d5e0: 83ec 2040 | f6c4 0f0f | 8419 0000 | 0048 83ec | 0848 b8e0 | 6593 6cf8 | 7f00 00ff | d048 83c4 
  0x000002da4746d600: 08e9 0c00 | 0000 48b8 | e065 936c | f87f 0000 | ffd0 4883 | c420 49c7 | 8728 0400 | 0000 0000 
  0x000002da4746d620: 0049 c787 | 3804 0000 | 0000 0000 | 49c7 8730 | 0400 0000 | 0000 00c5 | f877 4983 | 7f08 000f 
  0x000002da4746d640: 8405 0000 | 00e9 963b | ffff 4c8b | 6dc0 4c8b | 75c8 4e8d | 74f5 00c3 | 48b9 4808 | f76c f87f 
  0x000002da4746d660: 0000 4883 | e4f0 48b8 | 008d ba6c | f87f 0000 | ffd0 f44c | 896d c04c | 8b4a 0848 | c742 0800 
  0x000002da4746d680: 0000 0045 | 8b87 d806 | 0000 4f3b | 4c07 f80f | 8542 0000 | 0041 83af | d806 0000 | 084f 3b4c 
  0x000002da4746d6a0: 07f0 0f84 | 2a00 0000 | 498b 01a8 | 020f 8512 | 0000 004c | 8bc0 4983 | c801 f04d | 0fb1 010f 
  0x000002da4746d6c0: 840d 0000 | 0041 8387 | d806 0000 | 08e9 0500 | 0000 e93e | 0000 004c | 894a 0848 | 8bca 4883 
  0x000002da4746d6e0: ec20 40f6 | c40f 0f84 | 1900 0000 | 4883 ec08 | 48b8 3038 | 936c f87f | 0000 ffd0 | 4883 c408 
  0x000002da4746d700: e90c 0000 | 0048 b830 | 3893 6cf8 | 7f00 00ff | d048 83c4 | 204c 8b6d | c041 c687 | 9603 0000 
  0x000002da4746d720: 0149 3b6f | 280f 8705 | 0000 00e9 | ab00 0000 | 4883 ec10 | c5fb 1104 | 2448 83ec | 1048 8904 
  0x000002da4746d740: 2448 c744 | 2408 0000 | 0000 c5f8 | 7749 89af | 3804 0000 | 49ba 4ad7 | 4647 da02 | 0000 4d89 
  0x000002da4746d760: 9730 0400 | 0049 89a7 | 2804 0000 | 498b cf48 | 83ec 2040 | f6c4 0f0f | 8419 0000 | 0048 83ec 
  0x000002da4746d780: 0848 b8d0 | 1e93 6cf8 | 7f00 00ff | d048 83c4 | 08e9 0c00 | 0000 48b8 | d01e 936c | f87f 0000 
  0x000002da4746d7a0: ffd0 4883 | c420 49c7 | 8728 0400 | 0000 0000 | 0049 c787 | 3804 0000 | 0000 0000 | 49c7 8730 
  0x000002da4746d7c0: 0400 0000 | 0000 00c5 | f877 488b | 0424 4883 | c410 c5fb | 1004 2448 | 83c4 1048 | 8b04 2448 
  0x000002da4746d7e0: 83c4 10c5 | fb10 0424 | 4883 c410 | 4c8b 5d18 | 41ff d34c | 8b5d f8c9 | 41c6 8796 | 0300 0000 
  0x000002da4746d800: 5f49 8be3 | ffe7 ba00 | 0000 00e8 | 0500 0000 | e996 0000 | 0048 8d44 | 2408 4c89 | 6dc0 498b 
  0x000002da4746d820: cfc5 f877 | 4989 af38 | 0400 0049 | 8987 2804 | 0000 4883 | ec20 40f6 | c40f 0f84 | 1900 0000 
  0x000002da4746d840: 4883 ec08 | 48b8 202e | 936c f87f | 0000 ffd0 | 4883 c408 | e90c 0000 | 0048 b820 | 2e93 6cf8 
  0x000002da4746d860: 7f00 00ff | d048 83c4 | 2049 c787 | 2804 0000 | 0000 0000 | 49c7 8738 | 0400 0000 | 0000 0049 
  0x000002da4746d880: c787 3004 | 0000 0000 | 0000 c5f8 | 7749 837f | 0800 0f84 | 0500 0000 | e943 39ff | ff4c 8b6d 
  0x000002da4746d8a0: c04c 8b75 | c84e 8d74 | f500 c348 | 8b5d e8e9 | 74f6 ffff | 0f1f 4000 
[/MachCode]

---------------  P R O C E S S  ---------------

Threads class SMR info:
_java_thread_list=0x000002da5c6f08c0, length=14, elements={
0x000002da35228b70, 0x000002da56b1b280, 0x000002da56b1ba40, 0x000002da56b1c600,
0x000002da56b1d2f0, 0x000002da56b22000, 0x000002da56b45bf0, 0x000002da56b48d70,
0x000002da56b81040, 0x000002da5b0acba0, 0x000002da5b0b1e20, 0x000002da5b09ebf0,
0x000002da5b0a2c70, 0x000002da5c411c00
}

Java Threads: ( => current thread )
=>0x000002da35228b70 JavaThread "main"                              [_thread_in_native, id=10632, stack(0x000000fd8c900000,0x000000fd8ca00000) (1024K)]
  0x000002da56b1b280 JavaThread "Reference Handler"          daemon [_thread_blocked, id=1780, stack(0x000000fd8d100000,0x000000fd8d200000) (1024K)]
  0x000002da56b1ba40 JavaThread "Finalizer"                  daemon [_thread_blocked, id=18772, stack(0x000000fd8d200000,0x000000fd8d300000) (1024K)]
  0x000002da56b1c600 JavaThread "Signal Dispatcher"          daemon [_thread_blocked, id=5516, stack(0x000000fd8d300000,0x000000fd8d400000) (1024K)]
  0x000002da56b1d2f0 JavaThread "Attach Listener"            daemon [_thread_blocked, id=16188, stack(0x000000fd8d400000,0x000000fd8d500000) (1024K)]
  0x000002da56b22000 JavaThread "Service Thread"             daemon [_thread_blocked, id=19848, stack(0x000000fd8d500000,0x000000fd8d600000) (1024K)]
  0x000002da56b45bf0 JavaThread "Monitor Deflation Thread"   daemon [_thread_blocked, id=11336, stack(0x000000fd8d600000,0x000000fd8d700000) (1024K)]
  0x000002da56b48d70 JavaThread "C2 CompilerThread0"         daemon [_thread_blocked, id=18596, stack(0x000000fd8d700000,0x000000fd8d800000) (1024K)]
  0x000002da56b81040 JavaThread "C1 CompilerThread0"         daemon [_thread_blocked, id=11052, stack(0x000000fd8d800000,0x000000fd8d900000) (1024K)]
  0x000002da5b0acba0 JavaThread "Notification Thread"        daemon [_thread_blocked, id=16836, stack(0x000000fd8d900000,0x000000fd8da00000) (1024K)]
  0x000002da5b0b1e20 JavaThread "Common-Cleaner"             daemon [_thread_blocked, id=19128, stack(0x000000fd8da00000,0x000000fd8db00000) (1024K)]
  0x000002da5b09ebf0 JavaThread "C2 CompilerThread1"         daemon [_thread_in_native, id=11792, stack(0x000000fd8db00000,0x000000fd8dc00000) (1024K)]
  0x000002da5b0a2c70 JavaThread "C2 CompilerThread2"         daemon [_thread_blocked, id=9572, stack(0x000000fd8dc00000,0x000000fd8dd00000) (1024K)]
  0x000002da5c411c00 JavaThread "Java2D Disposer"            daemon [_thread_blocked, id=17900, stack(0x000000fd8eb00000,0x000000fd8ec00000) (1024K)]
Total: 14

Other Threads:
  0x000002da56b07170 VMThread "VM Thread"                           [id=11364, stack(0x000000fd8d000000,0x000000fd8d100000) (1024K)]
  0x000002da56af99d0 WatcherThread "VM Periodic Task Thread"        [id=9716, stack(0x000000fd8cf00000,0x000000fd8d000000) (1024K)]
  0x000002da3771ef80 WorkerThread "GC Thread#0"                     [id=16048, stack(0x000000fd8ca00000,0x000000fd8cb00000) (1024K)]
  0x000002da5c6db6f0 WorkerThread "GC Thread#1"                     [id=11640, stack(0x000000fd8e400000,0x000000fd8e500000) (1024K)]
  0x000002da5cc52db0 WorkerThread "GC Thread#2"                     [id=11516, stack(0x000000fd8e500000,0x000000fd8e600000) (1024K)]
  0x000002da5cc531e0 WorkerThread "GC Thread#3"                     [id=11008, stack(0x000000fd8e600000,0x000000fd8e700000) (1024K)]
  0x000002da5cc53610 WorkerThread "GC Thread#4"                     [id=12636, stack(0x000000fd8e700000,0x000000fd8e800000) (1024K)]
  0x000002da5c466b40 WorkerThread "GC Thread#5"                     [id=16912, stack(0x000000fd8e800000,0x000000fd8e900000) (1024K)]
  0x000002da5c41a800 WorkerThread "GC Thread#6"                     [id=19096, stack(0x000000fd8e900000,0x000000fd8ea00000) (1024K)]
  0x000002da5b39bf90 WorkerThread "GC Thread#7"                     [id=21484, stack(0x000000fd8ea00000,0x000000fd8eb00000) (1024K)]
  0x000002da37738960 ConcurrentGCThread "G1 Main Marker"            [id=12672, stack(0x000000fd8cb00000,0x000000fd8cc00000) (1024K)]
  0x000002da37739500 WorkerThread "G1 Conc#0"                       [id=7108, stack(0x000000fd8cc00000,0x000000fd8cd00000) (1024K)]
  0x000002da569c07d0 ConcurrentGCThread "G1 Refine#0"               [id=19240, stack(0x000000fd8cd00000,0x000000fd8ce00000) (1024K)]
  0x000002da569c20a0 ConcurrentGCThread "G1 Service"                [id=2684, stack(0x000000fd8ce00000,0x000000fd8cf00000) (1024K)]
Total: 14

Threads with active compile tasks:
C2 CompilerThread1  1175 2646   !   4       com.sun.imageio.plugins.png.PNGImageReader::decodePass (1399 bytes)
Total: 1

VM state: not at safepoint (normal execution)

VM Mutex/Monitor currently owned by a thread:  ([mutex/lock_event])
[0x00007ff86d237e68] MethodCompileQueue_lock - owner thread: 0x000002da5b09ebf0
[0x00007ff86d2392e8] CodeCache_lock - owner thread: 0x000002da5b09ebf0
[0x00007ff86d239568] Compile_lock - owner thread: 0x000002da5b09ebf0

Heap address: 0x0000000704a00000, size: 4022 MB, Compressed Oops mode: Zero based, Oop shift amount: 3

CDS archive(s) mapped at: [0x0000000011000000-0x0000000011dd0000-0x0000000011dd0000), size 14483456, SharedBaseAddress: 0x0000000011000000, ArchiveRelocationMode: 1.
Compressed class space mapped at: 0x0000000012000000-0x0000000052000000, reserved size: 1073741824
UseCompressedClassPointers 1, UseCompactObjectHeaders 0
Narrow klass pointer bits 32, Max shift 3
Narrow klass base: 0x0000000011000000, Narrow klass shift: 0
Encoding Range: [0x0000000011000000 - 0x0000000111000000), (4294967296 bytes)
Klass Range:    [0x0000000011010000 - 0x0000000052000000), (1090453504 bytes)
Klass ID Range:  [65536 - 1090519033) (1090453497)
Protection zone: [0x0000000011000000 - 0x0000000011010000), (65536 bytes)

GC Precious Log:
 CardTable entry size: 512
 Card Set container configuration: InlinePtr #cards 4 size 8 Array Of Cards #cards 16 size 48 Howl #buckets 8 coarsen threshold 3686 Howl Bitmap #cards 512 size 80 coarsen threshold 460 Card regions per heap region 1 cards per card region 4096
 CPUs: 12 total, 12 available
 Memory: 16087M
 Large Page Support: Disabled
 NUMA Support: Disabled
 Compressed Oops: Enabled (Zero based)
 Heap Region Size: 2M
 Heap Min Capacity: 8M
 Heap Initial Capacity: 252M
 Heap Max Capacity: 4022M
 Pre-touch: Disabled
 Parallel Workers: 10
 Concurrent Workers: 3
 Concurrent Refinement Workers: 10
 Periodic GC: Disabled

Heap:
 garbage-first heap   total reserved 4118528K, committed 260096K, used 129389K [0x0000000704a00000, 0x0000000800000000)
  region size 2048K, 56 young (114688K), 2 survivors (4096K)

Heap Regions: E=young(eden), S=young(survivor), O=old, HS=humongous(starts), HC=humongous(continues), CS=collection set, F=free, TAMS=top-at-mark-start, PB=parsable bottom
|   0|0x0000000704a00000, 0x0000000704c00000, 0x0000000704c00000|100%|HS|  |TAMS 0x0000000704a00000| PB 0x0000000704a00000| Complete |  0
|   1|0x0000000704c00000, 0x0000000704e00000, 0x0000000704e00000|100%|HS|  |TAMS 0x0000000704c00000| PB 0x0000000704c00000| Complete |  0
|   2|0x0000000704e00000, 0x0000000705000000, 0x0000000705000000|100%|HS|  |TAMS 0x0000000704e00000| PB 0x0000000704e00000| Complete |  0
|   3|0x0000000705000000, 0x0000000705200000, 0x0000000705200000|100%|HS|  |TAMS 0x0000000705000000| PB 0x0000000705000000| Complete |  0
|   4|0x0000000705200000, 0x0000000705400000, 0x0000000705400000|100%|HS|  |TAMS 0x0000000705200000| PB 0x0000000705200000| Complete |  0
|   5|0x0000000705400000, 0x0000000705600000, 0x0000000705600000|100%|HS|  |TAMS 0x0000000705400000| PB 0x0000000705400000| Complete |  0
|   6|0x0000000705600000, 0x0000000705800000, 0x0000000705800000|100%|HS|  |TAMS 0x0000000705600000| PB 0x0000000705600000| Complete |  0
|   7|0x0000000705800000, 0x0000000705a00000, 0x0000000705a00000|100%|HS|  |TAMS 0x0000000705800000| PB 0x0000000705800000| Complete |  0
|   8|0x0000000705a00000, 0x0000000705c00000, 0x0000000705c00000|100%|HS|  |TAMS 0x0000000705a00000| PB 0x0000000705a00000| Complete |  0
|   9|0x0000000705c00000, 0x0000000705c00000, 0x0000000705e00000|  0%| F|  |TAMS 0x0000000705c00000| PB 0x0000000705c00000| Untracked |  0
|  10|0x0000000705e00000, 0x0000000705e00000, 0x0000000706000000|  0%| F|  |TAMS 0x0000000705e00000| PB 0x0000000705e00000| Untracked |  0
|  11|0x0000000706000000, 0x0000000706000000, 0x0000000706200000|  0%| F|  |TAMS 0x0000000706000000| PB 0x0000000706000000| Untracked |  0
|  12|0x0000000706200000, 0x0000000706200000, 0x0000000706400000|  0%| F|  |TAMS 0x0000000706200000| PB 0x0000000706200000| Untracked |  0
|  13|0x0000000706400000, 0x0000000706400000, 0x0000000706600000|  0%| F|  |TAMS 0x0000000706400000| PB 0x0000000706400000| Untracked |  0
|  14|0x0000000706600000, 0x0000000706600000, 0x0000000706800000|  0%| F|  |TAMS 0x0000000706600000| PB 0x0000000706600000| Untracked |  0
|  15|0x0000000706800000, 0x0000000706800000, 0x0000000706a00000|  0%| F|  |TAMS 0x0000000706800000| PB 0x0000000706800000| Untracked |  0
|  16|0x0000000706a00000, 0x0000000706a00000, 0x0000000706c00000|  0%| F|  |TAMS 0x0000000706a00000| PB 0x0000000706a00000| Untracked |  0
|  17|0x0000000706c00000, 0x0000000706c00000, 0x0000000706e00000|  0%| F|  |TAMS 0x0000000706c00000| PB 0x0000000706c00000| Untracked |  0
|  18|0x0000000706e00000, 0x0000000706e00000, 0x0000000707000000|  0%| F|  |TAMS 0x0000000706e00000| PB 0x0000000706e00000| Untracked |  0
|  19|0x0000000707000000, 0x0000000707000000, 0x0000000707200000|  0%| F|  |TAMS 0x0000000707000000| PB 0x0000000707000000| Untracked |  0
|  20|0x0000000707200000, 0x0000000707200000, 0x0000000707400000|  0%| F|  |TAMS 0x0000000707200000| PB 0x0000000707200000| Untracked |  0
|  21|0x0000000707400000, 0x0000000707400000, 0x0000000707600000|  0%| F|  |TAMS 0x0000000707400000| PB 0x0000000707400000| Untracked |  0
|  22|0x0000000707600000, 0x0000000707600000, 0x0000000707800000|  0%| F|  |TAMS 0x0000000707600000| PB 0x0000000707600000| Untracked |  0
|  23|0x0000000707800000, 0x0000000707800000, 0x0000000707a00000|  0%| F|  |TAMS 0x0000000707800000| PB 0x0000000707800000| Untracked |  0
|  24|0x0000000707a00000, 0x0000000707a00000, 0x0000000707c00000|  0%| F|  |TAMS 0x0000000707a00000| PB 0x0000000707a00000| Untracked |  0
|  25|0x0000000707c00000, 0x0000000707c00000, 0x0000000707e00000|  0%| F|  |TAMS 0x0000000707c00000| PB 0x0000000707c00000| Untracked |  0
|  26|0x0000000707e00000, 0x0000000707e00000, 0x0000000708000000|  0%| F|  |TAMS 0x0000000707e00000| PB 0x0000000707e00000| Untracked |  0
|  27|0x0000000708000000, 0x0000000708000000, 0x0000000708200000|  0%| F|  |TAMS 0x0000000708000000| PB 0x0000000708000000| Untracked |  0
|  28|0x0000000708200000, 0x0000000708200000, 0x0000000708400000|  0%| F|  |TAMS 0x0000000708200000| PB 0x0000000708200000| Untracked |  0
|  29|0x0000000708400000, 0x0000000708400000, 0x0000000708600000|  0%| F|  |TAMS 0x0000000708400000| PB 0x0000000708400000| Untracked |  0
|  30|0x0000000708600000, 0x0000000708600000, 0x0000000708800000|  0%| F|  |TAMS 0x0000000708600000| PB 0x0000000708600000| Untracked |  0
|  31|0x0000000708800000, 0x0000000708800000, 0x0000000708a00000|  0%| F|  |TAMS 0x0000000708800000| PB 0x0000000708800000| Untracked |  0
|  32|0x0000000708a00000, 0x0000000708a00000, 0x0000000708c00000|  0%| F|  |TAMS 0x0000000708a00000| PB 0x0000000708a00000| Untracked |  0
|  33|0x0000000708c00000, 0x0000000708c00000, 0x0000000708e00000|  0%| F|  |TAMS 0x0000000708c00000| PB 0x0000000708c00000| Untracked |  0
|  34|0x0000000708e00000, 0x0000000708e00000, 0x0000000709000000|  0%| F|  |TAMS 0x0000000708e00000| PB 0x0000000708e00000| Untracked |  0
|  35|0x0000000709000000, 0x0000000709000000, 0x0000000709200000|  0%| F|  |TAMS 0x0000000709000000| PB 0x0000000709000000| Untracked |  0
|  36|0x0000000709200000, 0x0000000709200000, 0x0000000709400000|  0%| F|  |TAMS 0x0000000709200000| PB 0x0000000709200000| Untracked |  0
|  37|0x0000000709400000, 0x0000000709400000, 0x0000000709600000|  0%| F|  |TAMS 0x0000000709400000| PB 0x0000000709400000| Untracked |  0
|  38|0x0000000709600000, 0x0000000709600000, 0x0000000709800000|  0%| F|  |TAMS 0x0000000709600000| PB 0x0000000709600000| Untracked |  0
|  39|0x0000000709800000, 0x0000000709800000, 0x0000000709a00000|  0%| F|  |TAMS 0x0000000709800000| PB 0x0000000709800000| Untracked |  0
|  40|0x0000000709a00000, 0x0000000709a00000, 0x0000000709c00000|  0%| F|  |TAMS 0x0000000709a00000| PB 0x0000000709a00000| Untracked |  0
|  41|0x0000000709c00000, 0x0000000709c00000, 0x0000000709e00000|  0%| F|  |TAMS 0x0000000709c00000| PB 0x0000000709c00000| Untracked |  0
|  42|0x0000000709e00000, 0x0000000709e00000, 0x000000070a000000|  0%| F|  |TAMS 0x0000000709e00000| PB 0x0000000709e00000| Untracked |  0
|  43|0x000000070a000000, 0x000000070a000000, 0x000000070a200000|  0%| F|  |TAMS 0x000000070a000000| PB 0x000000070a000000| Untracked |  0
|  44|0x000000070a200000, 0x000000070a200000, 0x000000070a400000|  0%| F|  |TAMS 0x000000070a200000| PB 0x000000070a200000| Untracked |  0
|  45|0x000000070a400000, 0x000000070a400000, 0x000000070a600000|  0%| F|  |TAMS 0x000000070a400000| PB 0x000000070a400000| Untracked |  0
|  46|0x000000070a600000, 0x000000070a600000, 0x000000070a800000|  0%| F|  |TAMS 0x000000070a600000| PB 0x000000070a600000| Untracked |  0
|  47|0x000000070a800000, 0x000000070a800000, 0x000000070aa00000|  0%| F|  |TAMS 0x000000070a800000| PB 0x000000070a800000| Untracked |  0
|  48|0x000000070aa00000, 0x000000070aa00000, 0x000000070ac00000|  0%| F|  |TAMS 0x000000070aa00000| PB 0x000000070aa00000| Untracked |  0
|  49|0x000000070ac00000, 0x000000070ac00000, 0x000000070ae00000|  0%| F|  |TAMS 0x000000070ac00000| PB 0x000000070ac00000| Untracked |  0
|  50|0x000000070ae00000, 0x000000070ae00000, 0x000000070b000000|  0%| F|  |TAMS 0x000000070ae00000| PB 0x000000070ae00000| Untracked |  0
|  51|0x000000070b000000, 0x000000070b000000, 0x000000070b200000|  0%| F|  |TAMS 0x000000070b000000| PB 0x000000070b000000| Untracked |  0
|  52|0x000000070b200000, 0x000000070b200000, 0x000000070b400000|  0%| F|  |TAMS 0x000000070b200000| PB 0x000000070b200000| Untracked |  0
|  53|0x000000070b400000, 0x000000070b400000, 0x000000070b600000|  0%| F|  |TAMS 0x000000070b400000| PB 0x000000070b400000| Untracked |  0
|  54|0x000000070b600000, 0x000000070b600000, 0x000000070b800000|  0%| F|  |TAMS 0x000000070b600000| PB 0x000000070b600000| Untracked |  0
|  55|0x000000070b800000, 0x000000070b800000, 0x000000070ba00000|  0%| F|  |TAMS 0x000000070b800000| PB 0x000000070b800000| Untracked |  0
|  56|0x000000070ba00000, 0x000000070ba00000, 0x000000070bc00000|  0%| F|  |TAMS 0x000000070ba00000| PB 0x000000070ba00000| Untracked |  0
|  57|0x000000070bc00000, 0x000000070bc00000, 0x000000070be00000|  0%| F|  |TAMS 0x000000070bc00000| PB 0x000000070bc00000| Untracked |  0
|  58|0x000000070be00000, 0x000000070be00000, 0x000000070c000000|  0%| F|  |TAMS 0x000000070be00000| PB 0x000000070be00000| Untracked |  0
|  59|0x000000070c000000, 0x000000070c000000, 0x000000070c200000|  0%| F|  |TAMS 0x000000070c000000| PB 0x000000070c000000| Untracked |  0
|  60|0x000000070c200000, 0x000000070c200000, 0x000000070c400000|  0%| F|  |TAMS 0x000000070c200000| PB 0x000000070c200000| Untracked |  0
|  61|0x000000070c400000, 0x000000070c400000, 0x000000070c600000|  0%| F|  |TAMS 0x000000070c400000| PB 0x000000070c400000| Untracked |  0
|  62|0x000000070c600000, 0x000000070c600000, 0x000000070c800000|  0%| F|  |TAMS 0x000000070c600000| PB 0x000000070c600000| Untracked |  0
|  63|0x000000070c800000, 0x000000070c800000, 0x000000070ca00000|  0%| F|  |TAMS 0x000000070c800000| PB 0x000000070c800000| Untracked |  0
|  64|0x000000070ca00000, 0x000000070ca00000, 0x000000070cc00000|  0%| F|  |TAMS 0x000000070ca00000| PB 0x000000070ca00000| Untracked |  0
|  65|0x000000070cc00000, 0x000000070cc00000, 0x000000070ce00000|  0%| F|  |TAMS 0x000000070cc00000| PB 0x000000070cc00000| Untracked |  0
|  66|0x000000070ce00000, 0x000000070ce00000, 0x000000070d000000|  0%| F|  |TAMS 0x000000070ce00000| PB 0x000000070ce00000| Untracked |  0
|  67|0x000000070d000000, 0x000000070d000000, 0x000000070d200000|  0%| F|  |TAMS 0x000000070d000000| PB 0x000000070d000000| Untracked |  0
|  68|0x000000070d200000, 0x000000070d200000, 0x000000070d400000|  0%| F|  |TAMS 0x000000070d200000| PB 0x000000070d200000| Untracked |  0
|  69|0x000000070d400000, 0x000000070d400000, 0x000000070d600000|  0%| F|  |TAMS 0x000000070d400000| PB 0x000000070d400000| Untracked |  0
|  70|0x000000070d600000, 0x000000070d800000, 0x000000070d800000|100%| E|  |TAMS 0x000000070d600000| PB 0x000000070d600000| Complete |  1
|  71|0x000000070d800000, 0x000000070da00000, 0x000000070da00000|100%| E|CS|TAMS 0x000000070d800000| PB 0x000000070d800000| Complete |  0
|  72|0x000000070da00000, 0x000000070dc00000, 0x000000070dc00000|100%| E|CS|TAMS 0x000000070da00000| PB 0x000000070da00000| Complete |  0
|  73|0x000000070dc00000, 0x000000070de00000, 0x000000070de00000|100%| E|CS|TAMS 0x000000070dc00000| PB 0x000000070dc00000| Complete |  0
|  74|0x000000070de00000, 0x000000070e000000, 0x000000070e000000|100%| E|CS|TAMS 0x000000070de00000| PB 0x000000070de00000| Complete |  0
|  75|0x000000070e000000, 0x000000070e200000, 0x000000070e200000|100%| E|CS|TAMS 0x000000070e000000| PB 0x000000070e000000| Complete |  0
|  76|0x000000070e200000, 0x000000070e400000, 0x000000070e400000|100%| E|CS|TAMS 0x000000070e200000| PB 0x000000070e200000| Complete |  0
|  77|0x000000070e400000, 0x000000070e600000, 0x000000070e600000|100%| E|  |TAMS 0x000000070e400000| PB 0x000000070e400000| Complete |  0
|  78|0x000000070e600000, 0x000000070e800000, 0x000000070e800000|100%| E|CS|TAMS 0x000000070e600000| PB 0x000000070e600000| Complete |  0
|  79|0x000000070e800000, 0x000000070ea00000, 0x000000070ea00000|100%| E|CS|TAMS 0x000000070e800000| PB 0x000000070e800000| Complete |  0
|  80|0x000000070ea00000, 0x000000070ec00000, 0x000000070ec00000|100%| E|CS|TAMS 0x000000070ea00000| PB 0x000000070ea00000| Complete |  0
|  81|0x000000070ec00000, 0x000000070ee00000, 0x000000070ee00000|100%| E|CS|TAMS 0x000000070ec00000| PB 0x000000070ec00000| Complete |  0
|  82|0x000000070ee00000, 0x000000070f000000, 0x000000070f000000|100%| E|CS|TAMS 0x000000070ee00000| PB 0x000000070ee00000| Complete |  0
|  83|0x000000070f000000, 0x000000070f200000, 0x000000070f200000|100%| E|CS|TAMS 0x000000070f000000| PB 0x000000070f000000| Complete |  0
|  84|0x000000070f200000, 0x000000070f400000, 0x000000070f400000|100%| E|CS|TAMS 0x000000070f200000| PB 0x000000070f200000| Complete |  0
|  85|0x000000070f400000, 0x000000070f600000, 0x000000070f600000|100%| E|CS|TAMS 0x000000070f400000| PB 0x000000070f400000| Complete |  0
|  86|0x000000070f600000, 0x000000070f800000, 0x000000070f800000|100%| E|CS|TAMS 0x000000070f600000| PB 0x000000070f600000| Complete |  0
|  87|0x000000070f800000, 0x000000070fa00000, 0x000000070fa00000|100%| E|CS|TAMS 0x000000070f800000| PB 0x000000070f800000| Complete |  0
|  88|0x000000070fa00000, 0x000000070fc00000, 0x000000070fc00000|100%| E|CS|TAMS 0x000000070fa00000| PB 0x000000070fa00000| Complete |  0
|  89|0x000000070fc00000, 0x000000070fe00000, 0x000000070fe00000|100%| E|CS|TAMS 0x000000070fc00000| PB 0x000000070fc00000| Complete |  0
|  90|0x000000070fe00000, 0x0000000710000000, 0x0000000710000000|100%| E|CS|TAMS 0x000000070fe00000| PB 0x000000070fe00000| Complete |  0
|  91|0x0000000710000000, 0x0000000710200000, 0x0000000710200000|100%| E|CS|TAMS 0x0000000710000000| PB 0x0000000710000000| Complete |  0
|  92|0x0000000710200000, 0x0000000710400000, 0x0000000710400000|100%| E|CS|TAMS 0x0000000710200000| PB 0x0000000710200000| Complete |  0
|  93|0x0000000710400000, 0x0000000710600000, 0x0000000710600000|100%| E|CS|TAMS 0x0000000710400000| PB 0x0000000710400000| Complete |  0
|  94|0x0000000710600000, 0x0000000710800000, 0x0000000710800000|100%| E|CS|TAMS 0x0000000710600000| PB 0x0000000710600000| Complete |  0
|  95|0x0000000710800000, 0x0000000710a00000, 0x0000000710a00000|100%| E|CS|TAMS 0x0000000710800000| PB 0x0000000710800000| Complete |  0
|  96|0x0000000710a00000, 0x0000000710c00000, 0x0000000710c00000|100%| E|CS|TAMS 0x0000000710a00000| PB 0x0000000710a00000| Complete |  0
|  97|0x0000000710c00000, 0x0000000710e00000, 0x0000000710e00000|100%| E|CS|TAMS 0x0000000710c00000| PB 0x0000000710c00000| Complete |  0
|  98|0x0000000710e00000, 0x0000000711000000, 0x0000000711000000|100%| E|CS|TAMS 0x0000000710e00000| PB 0x0000000710e00000| Complete |  0
|  99|0x0000000711000000, 0x0000000711200000, 0x0000000711200000|100%| E|CS|TAMS 0x0000000711000000| PB 0x0000000711000000| Complete |  0
| 100|0x0000000711200000, 0x0000000711336050, 0x0000000711400000| 60%| S|CS|TAMS 0x0000000711200000| PB 0x0000000711200000| Complete |  0
| 101|0x0000000711400000, 0x0000000711600000, 0x0000000711600000|100%| S|CS|TAMS 0x0000000711400000| PB 0x0000000711400000| Complete |  0
| 102|0x0000000711600000, 0x0000000711800000, 0x0000000711800000|100%| E|CS|TAMS 0x0000000711600000| PB 0x0000000711600000| Complete |  0
| 103|0x0000000711800000, 0x0000000711a00000, 0x0000000711a00000|100%| E|CS|TAMS 0x0000000711800000| PB 0x0000000711800000| Complete |  0
| 104|0x0000000711a00000, 0x0000000711c00000, 0x0000000711c00000|100%| E|CS|TAMS 0x0000000711a00000| PB 0x0000000711a00000| Complete |  0
| 105|0x0000000711c00000, 0x0000000711e00000, 0x0000000711e00000|100%| E|CS|TAMS 0x0000000711c00000| PB 0x0000000711c00000| Complete |  0
| 106|0x0000000711e00000, 0x0000000712000000, 0x0000000712000000|100%| E|CS|TAMS 0x0000000711e00000| PB 0x0000000711e00000| Complete |  0
| 107|0x0000000712000000, 0x0000000712200000, 0x0000000712200000|100%| E|CS|TAMS 0x0000000712000000| PB 0x0000000712000000| Complete |  0
| 108|0x0000000712200000, 0x0000000712400000, 0x0000000712400000|100%| E|CS|TAMS 0x0000000712200000| PB 0x0000000712200000| Complete |  0
| 109|0x0000000712400000, 0x0000000712600000, 0x0000000712600000|100%| E|CS|TAMS 0x0000000712400000| PB 0x0000000712400000| Complete |  0
| 110|0x0000000712600000, 0x0000000712800000, 0x0000000712800000|100%| E|CS|TAMS 0x0000000712600000| PB 0x0000000712600000| Complete |  0
| 111|0x0000000712800000, 0x0000000712a00000, 0x0000000712a00000|100%| E|CS|TAMS 0x0000000712800000| PB 0x0000000712800000| Complete |  0
| 112|0x0000000712a00000, 0x0000000712c00000, 0x0000000712c00000|100%| E|CS|TAMS 0x0000000712a00000| PB 0x0000000712a00000| Complete |  0
| 113|0x0000000712c00000, 0x0000000712e00000, 0x0000000712e00000|100%| E|CS|TAMS 0x0000000712c00000| PB 0x0000000712c00000| Complete |  0
| 114|0x0000000712e00000, 0x0000000713000000, 0x0000000713000000|100%| E|CS|TAMS 0x0000000712e00000| PB 0x0000000712e00000| Complete |  0
| 115|0x0000000713000000, 0x0000000713200000, 0x0000000713200000|100%| E|CS|TAMS 0x0000000713000000| PB 0x0000000713000000| Complete |  0
| 116|0x0000000713200000, 0x0000000713400000, 0x0000000713400000|100%| E|CS|TAMS 0x0000000713200000| PB 0x0000000713200000| Complete |  0
| 117|0x0000000713400000, 0x0000000713600000, 0x0000000713600000|100%| E|CS|TAMS 0x0000000713400000| PB 0x0000000713400000| Complete |  0
| 118|0x0000000713600000, 0x0000000713800000, 0x0000000713800000|100%| E|CS|TAMS 0x0000000713600000| PB 0x0000000713600000| Complete |  0
| 119|0x0000000713800000, 0x0000000713a00000, 0x0000000713a00000|100%| E|CS|TAMS 0x0000000713800000| PB 0x0000000713800000| Complete |  0
| 120|0x0000000713a00000, 0x0000000713c00000, 0x0000000713c00000|100%| E|CS|TAMS 0x0000000713a00000| PB 0x0000000713a00000| Complete |  0
| 121|0x0000000713c00000, 0x0000000713e00000, 0x0000000713e00000|100%| E|CS|TAMS 0x0000000713c00000| PB 0x0000000713c00000| Complete |  0
| 122|0x0000000713e00000, 0x0000000714000000, 0x0000000714000000|100%| E|CS|TAMS 0x0000000713e00000| PB 0x0000000713e00000| Complete |  0
| 123|0x0000000714000000, 0x0000000714200000, 0x0000000714200000|100%| E|CS|TAMS 0x0000000714000000| PB 0x0000000714000000| Complete |  0
| 124|0x0000000714200000, 0x0000000714400000, 0x0000000714400000|100%| E|CS|TAMS 0x0000000714200000| PB 0x0000000714200000| Complete |  0
| 125|0x0000000714400000, 0x0000000714600000, 0x0000000714600000|100%| E|CS|TAMS 0x0000000714400000| PB 0x0000000714400000| Complete |  0
|2010|0x00000007ffe00000, 0x00000007fff256a0, 0x0000000800000000| 57%| O|  |TAMS 0x00000007ffe00000| PB 0x00000007ffe00000| Untracked |  0

Card table byte_map: [0x000002da4fc70000,0x000002da50450000] _byte_map_base: 0x000002da4c44b000

Marking Bits: (CMBitMap*) 0x000002da3771f710
 Bits: [0x000002da50450000, 0x000002da54328000)

Polling page: 0x000002da35500000

Metaspace:
Metaspace        used 13241K, committed 13888K, reserved 1114112K
 class space     used 840K, committed 1152K, reserved 1048576K

Usage:
  Non-class:     12.11 MB used.
      Class:    840.98 KB used.
       Both:     12.93 MB used.

Virtual space:
  Non-class space:       64.00 MB reserved,      12.44 MB ( 19%) committed,  1 nodes.
      Class space:        1.00 GB reserved,       1.12 MB ( <1%) committed,  1 nodes.
             Both:        1.06 GB reserved,      13.56 MB (  1%) committed. 

Chunk freelists:
   Non-Class:  3.12 MB
       Class:  14.83 MB
        Both:  17.95 MB

MaxMetaspaceSize: unlimited
CompressedClassSpaceSize: 1.00 GB
Initial GC threshold: 21.00 MB
Current GC threshold: 21.00 MB
CDS: on
 - commit_granule_bytes: 65536.
 - commit_granule_words: 8192.
 - virtual_space_node_default_size: 8388608.
 - enlarge_chunks_in_place: 1.
UseCompressedClassPointers 1, UseCompactObjectHeaders 0
Narrow klass pointer bits 32, Max shift 3
Narrow klass base: 0x0000000011000000, Narrow klass shift: 0
Encoding Range: [0x0000000011000000 - 0x0000000111000000), (4294967296 bytes)
Klass Range:    [0x0000000011010000 - 0x0000000052000000), (1090453504 bytes)
Klass ID Range:  [65536 - 1090519033) (1090453497)
Protection zone: [0x0000000011000000 - 0x0000000011010000), (65536 bytes)


Internal statistics:

num_allocs_failed_limit: 0.
num_arena_births: 880.
num_arena_deaths: 0.
num_vsnodes_births: 2.
num_vsnodes_deaths: 0.
num_space_committed: 216.
num_space_uncommitted: 0.
num_chunks_returned_to_freelist: 0.
num_chunks_taken_from_freelist: 1420.
num_chunk_merges: 0.
num_chunk_splits: 959.
num_chunks_enlarged: 556.
num_inconsistent_stats: 0.

CodeHeap 'non-profiled nmethods': size=120064Kb used=1036Kb max_used=1036Kb free=119027Kb
 bounds [0x000002da479f0000, 0x000002da47c60000, 0x000002da4ef30000]
CodeHeap 'profiled nmethods': size=120000Kb used=4241Kb max_used=4241Kb free=115758Kb
 bounds [0x000002da3ff30000, 0x000002da40360000, 0x000002da47460000]
CodeHeap 'non-nmethods': size=5696Kb used=2763Kb max_used=2876Kb free=2933Kb
 bounds [0x000002da47460000, 0x000002da47740000, 0x000002da479f0000]
CodeCache: size=245760Kb, used=8040Kb, max_used=8153Kb, free=237718Kb
 total_blobs=4623, nmethods=2711, adapters=1789, full_count=0
Compilation: enabled, stopped_count=0, restarted_count=0

Compilation events (20 events):
Event: 0.995 Thread 0x000002da56b81040 nmethod 2700 0x000002da40350588 code [0x000002da40350680, 0x000002da40350818]
Event: 0.995 Thread 0x000002da56b81040 2701       3       jdk.internal.loader.URLClassPath$JarLoader$1::getCodeSigners (8 bytes)
Event: 0.995 Thread 0x000002da56b81040 nmethod 2701 0x000002da40350888 code [0x000002da40350980, 0x000002da40350b50]
Event: 0.995 Thread 0x000002da56b81040 2702   !   3       java.util.jar.JarFile$JarFileEntry::getCodeSigners (77 bytes)
Event: 0.995 Thread 0x000002da56b81040 nmethod 2702 0x000002da40350b88 code [0x000002da40350c80, 0x000002da403511c8]
Event: 0.995 Thread 0x000002da5b0a2c70 2703       4       java.lang.String::replace (42 bytes)
Event: 1.004 Thread 0x000002da5b0a2c70 nmethod 2703 0x000002da47ae0c88 code [0x000002da47ae0d80, 0x000002da47ae1470]
Event: 1.008 Thread 0x000002da56b81040 2704       3       java.lang.reflect.Method::getParameterCount (6 bytes)
Event: 1.008 Thread 0x000002da56b81040 nmethod 2704 0x000002da40351208 code [0x000002da40351300, 0x000002da40351418]
Event: 1.010 Thread 0x000002da56b48d70 nmethod 2605% 0x000002da47ae1488 code [0x000002da47ae15a0, 0x000002da47ae8e60]
Event: 1.014 Thread 0x000002da5b0a2c70 2705       4       java.lang.String::<init> (98 bytes)
Event: 1.017 Thread 0x000002da5b0a2c70 nmethod 2705 0x000002da47ae8e88 code [0x000002da47ae8f80, 0x000002da47ae96c8]
Event: 1.027 Thread 0x000002da56b81040 2706   !   3       jdk.internal.loader.URLClassPath$JarLoader::createResource (62 bytes)
Event: 1.027 Thread 0x000002da56b81040 nmethod 2706 0x000002da40351508 code [0x000002da40351600, 0x000002da40351d20]
Event: 1.039 Thread 0x000002da56b48d70 2707   !   4       jdk.internal.loader.URLClassPath$JarLoader::getResource (39 bytes)
Event: 1.040 Thread 0x000002da56b48d70 nmethod 2707 0x000002da47ae9708 code [0x000002da47ae9800, 0x000002da47ae9ae8]
Event: 1.049 Thread 0x000002da56b81040 2709       3       java.net.URLStreamHandler::toExternalForm (156 bytes)
Event: 1.049 Thread 0x000002da56b81040 nmethod 2709 0x000002da40351d88 code [0x000002da40351e80, 0x000002da40354160]
Event: 1.050 Thread 0x000002da56b81040 2710       3       java.util.ImmutableCollections$Set12::contains (28 bytes)
Event: 1.051 Thread 0x000002da56b81040 nmethod 2710 0x000002da40354188 code [0x000002da40354280, 0x000002da403545b0]

GC Heap Usage History (2 events):
Event: 0.777 {heap Before GC invocations=0 (full 0):
 garbage-first heap   total reserved 4118528K, committed 260096K, used 48277K [0x0000000704a00000, 0x0000000800000000)
  region size 2048K, 24 young (49152K), 0 survivors (0K)
}
Event: 0.779 {heap After GC invocations=1 (full 0):
 garbage-first heap   total reserved 4118528K, committed 260096K, used 4461K [0x0000000704a00000, 0x0000000800000000)
  region size 2048K, 2 young (4096K), 2 survivors (4096K)
}

Metaspace Usage History (2 events):
Event: 0.777 {metaspace Before GC invocations=0 (full 0):
 Metaspace       used 9664K, committed 10304K, reserved 1114112K
  class space    used 667K, committed 960K, reserved 1048576K
}
Event: 0.779 {metaspace After GC invocations=1 (full 0):
 Metaspace       used 9664K, committed 10304K, reserved 1114112K
  class space    used 667K, committed 960K, reserved 1048576K
}

Dll operation events (11 events):
Event: 0.006 Loaded shared library C:\Program Files\Java\jdk-25\bin\java.dll
Event: 0.041 Loaded shared library C:\Program Files\Java\jdk-25\bin\net.dll
Event: 0.042 Loaded shared library C:\Program Files\Java\jdk-25\bin\nio.dll
Event: 0.044 Loaded shared library C:\Program Files\Java\jdk-25\bin\zip.dll
Event: 0.092 Loaded shared library C:\Program Files\Java\jdk-25\bin\jimage.dll
Event: 0.139 Loaded shared library C:\Users\alexi\AppData\Local\Temp\imgui-java-natives\1.92.0\imgui-java64.dll
Event: 0.175 Loaded shared library C:\Users\alexi\AppData\Local\Temp\lwjgl_alexi\3.4.1+2\x64\lwjgl.dll
Event: 0.572 Loaded shared library C:\Users\alexi\AppData\Local\Temp\lwjgl_alexi\3.4.1+2\x64\lwjgl_opengl.dll
Event: 0.654 Loaded shared library C:\Users\alexi\AppData\Local\Temp\lwjgl_alexi\3.4.1+2\x64\lwjgl_stb.dll
Event: 0.739 Loaded shared library C:\Program Files\Java\jdk-25\bin\verify.dll
Event: 0.820 Loaded shared library C:\Program Files\Java\jdk-25\bin\awt.dll

Deoptimization events (20 events):
Event: 0.871 Thread 0x000002da35228b70 Uncommon trap: trap_request=0xffffffde fr.pc=0x000002da47acc848 relative=0x00000000000004c8
Event: 0.871 Thread 0x000002da35228b70 Uncommon trap: reason=class_check action=maybe_recompile pc=0x000002da47acc848 method=java.awt.image.BufferedImage.getRGB(II)I @ 11 c2
Event: 0.871 Thread 0x000002da35228b70 DEOPT PACKING pc=0x000002da47acc848 sp=0x000000fd8c9fefc0
Event: 0.871 Thread 0x000002da35228b70 DEOPT UNPACKING pc=0x000002da47580b82 sp=0x000000fd8c9fef48 mode 2
Event: 0.871 Thread 0x000002da35228b70 Uncommon trap: trap_request=0xffffffde fr.pc=0x000002da47acf4d0 relative=0x0000000000001530
Event: 0.871 Thread 0x000002da35228b70 Uncommon trap: reason=class_check action=maybe_recompile pc=0x000002da47acf4d0 method=java.awt.image.BufferedImage.getRGB(II)I @ 11 c2
Event: 0.871 Thread 0x000002da35228b70 DEOPT PACKING pc=0x000002da47acf4d0 sp=0x000000fd8c9ff000
Event: 0.871 Thread 0x000002da35228b70 DEOPT UNPACKING pc=0x000002da47580b82 sp=0x000000fd8c9feea8 mode 2
Event: 0.884 Thread 0x000002da35228b70 DEOPT PACKING pc=0x000002da40327246 sp=0x000000fd8c9feee0
Event: 0.884 Thread 0x000002da35228b70 DEOPT UNPACKING pc=0x000002da474b1702 sp=0x000000fd8c9fe550 mode 0
Event: 0.888 Thread 0x000002da35228b70 Uncommon trap: trap_request=0xffffff45 fr.pc=0x000002da47acde00 relative=0x0000000000000280
Event: 0.888 Thread 0x000002da35228b70 Uncommon trap: reason=unstable_if action=reinterpret pc=0x000002da47acde00 method=java.awt.image.MultiPixelPackedSampleModel.getPixel(II[ILjava/awt/image/DataBuffer;)[I @ 35 c2
Event: 0.888 Thread 0x000002da35228b70 DEOPT PACKING pc=0x000002da47acde00 sp=0x000000fd8c9feb70
Event: 0.888 Thread 0x000002da35228b70 DEOPT UNPACKING pc=0x000002da47580b82 sp=0x000000fd8c9fea80 mode 2
Event: 0.948 Thread 0x000002da35228b70 DEOPT PACKING pc=0x000002da4033adbb sp=0x000000fd8c9feb90
Event: 0.948 Thread 0x000002da35228b70 DEOPT UNPACKING pc=0x000002da474b1702 sp=0x000000fd8c9fe078 mode 0
Event: 1.009 Thread 0x000002da35228b70 Uncommon trap: trap_request=0xfffffff4 fr.pc=0x000002da47a7ee08 relative=0x0000000000000188
Event: 1.009 Thread 0x000002da35228b70 Uncommon trap: reason=null_check action=make_not_entrant pc=0x000002da47a7ee08 method=java.lang.reflect.Array.newInstance(Ljava/lang/Class;I)Ljava/lang/Object; @ 2 c2
Event: 1.009 Thread 0x000002da35228b70 DEOPT PACKING pc=0x000002da47a7ee08 sp=0x000000fd8c9fd8b0
Event: 1.009 Thread 0x000002da35228b70 DEOPT UNPACKING pc=0x000002da47580b82 sp=0x000000fd8c9fd848 mode 2

Classes loaded (20 events):
Event: 1.009 Loading class java/lang/StackStreamFactory$StackFrameBuffer
Event: 1.009 Loading class java/lang/StackStreamFactory$FrameBuffer
Event: 1.009 Loading class java/lang/StackStreamFactory$FrameBuffer done
Event: 1.009 Loading class java/lang/StackStreamFactory$StackFrameBuffer done
Event: 1.010 Loading class java/util/stream/WhileOps
Event: 1.010 Loading class java/util/stream/WhileOps done
Event: 1.010 Loading class java/util/stream/WhileOps$1Op
Event: 1.010 Loading class java/util/stream/WhileOps$DropWhileOp
Event: 1.010 Loading class java/util/stream/WhileOps$DropWhileOp done
Event: 1.010 Loading class java/util/stream/WhileOps$1Op done
Event: 1.010 Loading class java/util/stream/SliceOps
Event: 1.010 Loading class java/util/stream/SliceOps done
Event: 1.010 Loading class java/util/stream/SliceOps$1
Event: 1.011 Loading class java/util/stream/SliceOps$1 done
Event: 1.011 Loading class java/util/stream/SliceOps$1$1
Event: 1.011 Loading class java/util/stream/SliceOps$1$1 done
Event: 1.011 Loading class java/util/stream/WhileOps$1Op$1OpSink
Event: 1.011 Loading class java/util/stream/WhileOps$DropWhileSink
Event: 1.011 Loading class java/util/stream/WhileOps$DropWhileSink done
Event: 1.011 Loading class java/util/stream/WhileOps$1Op$1OpSink done

Classes unloaded (0 events):
No events

Classes redefined (0 events):
No events

Internal exceptions (20 events):
Event: 0.690 Thread 0x000002da35228b70 Exception <a 'java/lang/NoSuchMethodError'{0x0000000712112868}: 'void java.lang.invoke.Invokers$Holder.exactInvoker(java.lang.Object, java.lang.Object, long, int, int, int)'> (0x0000000712112868) 
thrown [s\open\src\hotspot\share\interpreter\linkResolver.cpp, line 804]
Event: 0.690 Thread 0x000002da35228b70 Exception <a 'java/lang/NoSuchMethodError'{0x000000071211ad68}: 'void java.lang.invoke.DelegatingMethodHandle$Holder.delegate(java.lang.Object, java.lang.Object, long, int, int, int)'> (0x000000071211ad68) 
thrown [s\open\src\hotspot\share\interpreter\linkResolver.cpp, line 804]
Event: 0.694 Thread 0x000002da35228b70 Exception <a 'java/lang/NoSuchMethodError'{0x0000000712152a58}: 'void java.lang.invoke.DirectMethodHandle$Holder.invokeInterface(java.lang.Object, java.lang.Object, long, int, int, int, int)'> (0x0000000712152a58) 
thrown [s\open\src\hotspot\share\interpreter\linkResolver.cpp, line 804]
Event: 0.695 Thread 0x000002da35228b70 Exception <a 'java/lang/NoSuchMethodError'{0x000000071216c168}: 'void java.lang.invoke.DelegatingMethodHandle$Holder.reinvoke_L(java.lang.Object, java.lang.Object, long, int, int, int, int)'> (0x000000071216c168) 
thrown [s\open\src\hotspot\share\interpreter\linkResolver.cpp, line 804]
Event: 0.695 Thread 0x000002da35228b70 Exception <a 'java/lang/NoSuchMethodError'{0x00000007121945b0}: 'java.lang.Object java.lang.invoke.DelegatingMethodHandle$Holder.delegate(java.lang.Object, java.lang.Object, long, int, int, int, int)'> (0x00000007121945b0) 
thrown [s\open\src\hotspot\share\interpreter\linkResolver.cpp, line 804]
Event: 0.697 Thread 0x000002da35228b70 Exception <a 'java/lang/NoSuchMethodError'{0x00000007121cb828}: 'void java.lang.invoke.DirectMethodHandle$Holder.invokeStatic(java.lang.Object, java.lang.Object, long, int, int, int, int)'> (0x00000007121cb828) 
thrown [s\open\src\hotspot\share\interpreter\linkResolver.cpp, line 804]
Event: 0.697 Thread 0x000002da35228b70 Exception <a 'java/lang/NoSuchMethodError'{0x00000007121d42c0}: 'void java.lang.invoke.DirectMethodHandle$Holder.invokeSpecial(java.lang.Object, java.lang.Object, long, int, int, int, int)'> (0x00000007121d42c0) 
thrown [s\open\src\hotspot\share\interpreter\linkResolver.cpp, line 804]
Event: 0.697 Thread 0x000002da35228b70 Exception <a 'java/lang/NoSuchMethodError'{0x00000007121dc090}: 'void java.lang.invoke.Invokers$Holder.exactInvoker(java.lang.Object, java.lang.Object, long, int, int, int, int)'> (0x00000007121dc090) 
thrown [s\open\src\hotspot\share\interpreter\linkResolver.cpp, line 804]
Event: 0.697 Thread 0x000002da35228b70 Exception <a 'java/lang/NoSuchMethodError'{0x00000007121e45f8}: 'void java.lang.invoke.DelegatingMethodHandle$Holder.delegate(java.lang.Object, java.lang.Object, long, int, int, int, int)'> (0x00000007121e45f8) 
thrown [s\open\src\hotspot\share\interpreter\linkResolver.cpp, line 804]
Event: 0.698 Thread 0x000002da35228b70 Exception <a 'java/lang/NoSuchMethodError'{0x0000000711e02bb0}: 'void java.lang.invoke.DirectMethodHandle$Holder.invokeInterface(java.lang.Object, java.lang.Object, long, int)'> (0x0000000711e02bb0) 
thrown [s\open\src\hotspot\share\interpreter\linkResolver.cpp, line 804]
Event: 0.817 Thread 0x000002da35228b70 Exception <a 'java/lang/ClassNotFoundException'{0x0000000714451a38}: sun/awt/resources/spi/awtProvider> (0x0000000714451a38) 
thrown [s\open\src\hotspot\share\classfile\systemDictionary.cpp, line 327]
Event: 0.820 Thread 0x000002da35228b70 Exception <a 'java/io/FileNotFoundException'{0x000000071445c370}> (0x000000071445c370) 
thrown [s\open\src\hotspot\share\prims\jni.cpp, line 516]
Event: 0.821 Thread 0x000002da35228b70 Exception <a 'java/io/FileNotFoundException'{0x000000071446e2d0}> (0x000000071446e2d0) 
thrown [s\open\src\hotspot\share\prims\jni.cpp, line 516]
Event: 0.888 Thread 0x000002da35228b70 Implicit null exception at 0x000002da47acdbfe to 0x000002da47acdde0
Event: 0.962 Thread 0x000002da35228b70 Exception <a 'java/lang/NoSuchMethodError'{0x000000070db9b040}: 'void java.lang.invoke.DirectMethodHandle$Holder.invokeStatic(java.lang.Object, java.lang.Object, java.lang.Object, long, double, double)'> (0x000000070db9b040) 
thrown [s\open\src\hotspot\share\interpreter\linkResolver.cpp, line 804]
Event: 0.962 Thread 0x000002da35228b70 Exception <a 'java/lang/NoSuchMethodError'{0x000000070dba31f8}: 'void java.lang.invoke.DirectMethodHandle$Holder.invokeStaticInit(java.lang.Object, java.lang.Object, java.lang.Object, long, double, double)'> (0x000000070dba31f8) 
thrown [s\open\src\hotspot\share\interpreter\linkResolver.cpp, line 804]
Event: 0.962 Thread 0x000002da35228b70 Exception <a 'java/lang/NoSuchMethodError'{0x000000070dbb3720}: 'void java.lang.invoke.DelegatingMethodHandle$Holder.reinvoke_L(java.lang.Object, java.lang.Object, java.lang.Object, long, double, double)'> (0x000000070dbb3720) 
thrown [s\open\src\hotspot\share\interpreter\linkResolver.cpp, line 804]
Event: 1.004 Thread 0x000002da35228b70 Exception <a 'java/lang/IllegalAccessError'{0x000000070d996460}: class org.joml.MemUtil$MemUtilInternalUnsafe (in unnamed module @0x1060b431) cannot access class jdk.internal.misc.Unsafe (in module java.base) because module java.base does not export jdk.internal.misc to unnamed module @0x1060b431> (0x000000070d996460) 
thrown [s\open\src\hotspot\share\interpreter\linkResolver.cpp, line 342]
Event: 1.004 Thread 0x000002da35228b70 Exception <a 'java/lang/IllegalAccessError'{0x000000070d996460}> (0x000000070d996460) 
thrown [s\open\src\hotspot\share\oops\instanceKlass.cpp, line 1355]
Event: 1.009 Thread 0x000002da35228b70 Implicit null exception at 0x000002da47a7eca1 to 0x000002da47a7edf4

VM Operations (20 events):
Event: 0.343 Executing non-safepoint VM operation: HandshakeAllThreads (Deoptimize)
Event: 0.343 Executing non-safepoint VM operation: HandshakeAllThreads (Deoptimize) done
Event: 0.366 Executing non-safepoint VM operation: HandshakeAllThreads (Deoptimize)
Event: 0.366 Executing non-safepoint VM operation: HandshakeAllThreads (Deoptimize) done
Event: 0.743 Executing non-safepoint VM operation: HandshakeAllThreads (Deoptimize)
Event: 0.743 Executing non-safepoint VM operation: HandshakeAllThreads (Deoptimize) done
Event: 0.750 Executing non-safepoint VM operation: HandshakeAllThreads (Deoptimize)
Event: 0.750 Executing non-safepoint VM operation: HandshakeAllThreads (Deoptimize) done
Event: 0.777 Executing safepoint VM operation: G1CollectForAllocation (G1 Evacuation Pause)
Event: 0.779 Executing safepoint VM operation: G1CollectForAllocation (G1 Evacuation Pause) done
Event: 0.814 Executing non-safepoint VM operation: HandshakeAllThreads (Deoptimize)
Event: 0.814 Executing non-safepoint VM operation: HandshakeAllThreads (Deoptimize) done
Event: 0.827 Executing non-safepoint VM operation: HandshakeAllThreads (Deoptimize)
Event: 0.827 Executing non-safepoint VM operation: HandshakeAllThreads (Deoptimize) done
Event: 1.007 Executing non-safepoint VM operation: HandshakeAllThreads (Deoptimize)
Event: 1.007 Executing non-safepoint VM operation: HandshakeAllThreads (Deoptimize) done
Event: 1.010 Executing non-safepoint VM operation: HandshakeAllThreads (Deoptimize)
Event: 1.010 Executing non-safepoint VM operation: HandshakeAllThreads (Deoptimize) done
Event: 1.011 Executing non-safepoint VM operation: HandshakeAllThreads (Deoptimize)
Event: 1.011 Executing non-safepoint VM operation: HandshakeAllThreads (Deoptimize) done

Memory protections (0 events):
No events

Nmethod flushes (0 events):
No events

Events (18 events):
Event: 0.015 Thread 0x000002da35228b70 Thread added: 0x000002da35228b70
Event: 0.021 Thread 0x000002da35228b70 Thread added: 0x000002da56b1b280
Event: 0.021 Thread 0x000002da35228b70 Thread added: 0x000002da56b1ba40
Event: 0.021 Thread 0x000002da35228b70 Thread added: 0x000002da56b1c600
Event: 0.021 Thread 0x000002da35228b70 Thread added: 0x000002da56b1d2f0
Event: 0.021 Thread 0x000002da35228b70 Thread added: 0x000002da56b22000
Event: 0.021 Thread 0x000002da35228b70 Thread added: 0x000002da56b45bf0
Event: 0.021 Thread 0x000002da35228b70 Thread added: 0x000002da56b48d70
Event: 0.021 Thread 0x000002da35228b70 Thread added: 0x000002da56b81040
Event: 0.035 Thread 0x000002da35228b70 Thread added: 0x000002da5b0acba0
Event: 0.037 Thread 0x000002da35228b70 Thread added: 0x000002da5b0b1e20
Event: 0.284 Thread 0x000002da56b81040 Thread added: 0x000002da5b09dbd0
Event: 0.300 Thread 0x000002da56b81040 Thread added: 0x000002da5b09ebf0
Event: 0.560 Thread 0x000002da5b09ebf0 Thread exited: 0x000002da5b09ebf0
Event: 0.560 Thread 0x000002da5b09dbd0 Thread exited: 0x000002da5b09dbd0
Event: 0.595 Thread 0x000002da56b81040 Thread added: 0x000002da5b09ebf0
Event: 0.599 Thread 0x000002da56b48d70 Thread added: 0x000002da5b0a2c70
Event: 0.829 Thread 0x000002da35228b70 Thread added: 0x000002da5c411c00


Dynamic libraries:
0x00007ff6fd720000 - 0x00007ff6fd730000 	C:\Program Files\Java\jdk-25\bin\java.exe
0x00007ff9372a0000 - 0x00007ff937506000 	C:\Windows\SYSTEM32\ntdll.dll
0x00007ff935d30000 - 0x00007ff935df9000 	C:\Windows\System32\KERNEL32.DLL
0x00007ff9345e0000 - 0x00007ff9349da000 	C:\Windows\System32\KERNELBASE.dll
0x00007ff9349e0000 - 0x00007ff934b2c000 	C:\Windows\System32\ucrtbase.dll
0x00007ff911cf0000 - 0x00007ff911d07000 	C:\Program Files\Java\jdk-25\bin\jli.dll
0x00007ff911cd0000 - 0x00007ff911cee000 	C:\Program Files\Java\jdk-25\bin\VCRUNTIME140.dll
0x00007ff936bf0000 - 0x00007ff936db7000 	C:\Windows\System32\USER32.dll
0x00007ff918eb0000 - 0x00007ff919142000 	C:\Windows\WinSxS\amd64_microsoft.windows.common-controls_6595b64144ccf1df_6.0.26100.8521_none_3e08b75ce33403b3\COMCTL32.dll
0x00007ff934b30000 - 0x00007ff934b57000 	C:\Windows\System32\win32u.dll
0x00007ff935020000 - 0x00007ff93504b000 	C:\Windows\System32\GDI32.dll
0x00007ff935880000 - 0x00007ff935929000 	C:\Windows\System32\msvcrt.dll
0x00007ff934e50000 - 0x00007ff934f7b000 	C:\Windows\System32\gdi32full.dll
0x00007ff934530000 - 0x00007ff9345d3000 	C:\Windows\System32\msvcp_win.dll
0x00007ff935cf0000 - 0x00007ff935d22000 	C:\Windows\System32\IMM32.DLL
0x00007ff92ebc0000 - 0x00007ff92ebcc000 	C:\Program Files\Java\jdk-25\bin\vcruntime140_1.dll
0x00007ff911c40000 - 0x00007ff911ccd000 	C:\Program Files\Java\jdk-25\bin\msvcp140.dll
0x00007ff86c4c0000 - 0x00007ff86d31f000 	C:\Program Files\Java\jdk-25\bin\server\jvm.dll
0x00007ff9371a0000 - 0x00007ff937256000 	C:\Windows\System32\ADVAPI32.dll
0x00007ff9359d0000 - 0x00007ff935a7a000 	C:\Windows\System32\sechost.dll
0x00007ff935e00000 - 0x00007ff935f18000 	C:\Windows\System32\RPCRT4.dll
0x00007ff935b80000 - 0x00007ff935c00000 	C:\Windows\System32\WS2_32.dll
0x00007ff9341e0000 - 0x00007ff93423e000 	C:\Windows\SYSTEM32\POWRPROF.dll
0x00007ff92c5c0000 - 0x00007ff92c5cb000 	C:\Windows\SYSTEM32\VERSION.dll
0x00007ff923950000 - 0x00007ff923986000 	C:\Windows\SYSTEM32\WINMM.dll
0x00007ff9341c0000 - 0x00007ff9341d4000 	C:\Windows\SYSTEM32\UMPDC.dll
0x00007ff933280000 - 0x00007ff93329b000 	C:\Windows\SYSTEM32\kernel.appcore.dll
0x00007ff911c30000 - 0x00007ff911c3a000 	C:\Program Files\Java\jdk-25\bin\jimage.dll
0x00007ff9210c0000 - 0x00007ff921302000 	C:\Windows\SYSTEM32\DBGHELP.DLL
0x00007ff936dc0000 - 0x00007ff937143000 	C:\Windows\System32\combase.dll
0x00007ff935c10000 - 0x00007ff935ce9000 	C:\Windows\System32\OLEAUT32.dll
0x00007ff90be00000 - 0x00007ff90be3b000 	C:\Windows\SYSTEM32\dbgcore.DLL
0x00007ff934b60000 - 0x00007ff934c08000 	C:\Windows\System32\bcryptPrimitives.dll
0x00007ff911c00000 - 0x00007ff911c1f000 	C:\Program Files\Java\jdk-25\bin\java.dll
0x00007ff936770000 - 0x00007ff936908000 	C:\Windows\System32\ole32.dll
0x00007ff935f20000 - 0x00007ff9366a4000 	C:\Windows\System32\SHELL32.dll
0x00007ff9320d0000 - 0x00007ff932950000 	C:\Windows\SYSTEM32\windows.storage.dll
0x00007ff935280000 - 0x00007ff935376000 	C:\Windows\System32\SHCORE.dll
0x00007ff936b00000 - 0x00007ff936b67000 	C:\Windows\System32\shlwapi.dll
0x00007ff934450000 - 0x00007ff934479000 	C:\Windows\SYSTEM32\profapi.dll
0x00007ff911bc0000 - 0x00007ff911bd2000 	C:\Program Files\Java\jdk-25\bin\net.dll
0x00007ff9337e0000 - 0x00007ff93384c000 	C:\Windows\system32\mswsock.dll
0x00007ff8f74d0000 - 0x00007ff8f74e6000 	C:\Program Files\Java\jdk-25\bin\nio.dll
0x00007ff911be0000 - 0x00007ff911bf7000 	C:\Program Files\Java\jdk-25\bin\zip.dll
0x00007ff854e60000 - 0x00007ff8558f9000 	C:\Users\alexi\AppData\Local\Temp\imgui-java-natives\1.92.0\imgui-java64.dll
0x00007ff8825b0000 - 0x00007ff882634000 	C:\Users\alexi\AppData\Local\Temp\lwjgl_alexi\3.4.1+2\x64\lwjgl.dll
0x00007ff866dc0000 - 0x00007ff867030000 	C:\Users\alexi\AppData\Local\Temp\lwjgl_alexi\3.4.1+2\x64\jemalloc.dll
0x00007ff882520000 - 0x00007ff8825aa000 	C:\Users\alexi\AppData\Local\Temp\lwjgl_alexi\3.4.1+2\x64\glfw.dll
0x00007ff911610000 - 0x00007ff91165b000 	C:\Windows\SYSTEM32\dinput8.dll
0x00007ff90da80000 - 0x00007ff90da9c000 	C:\Windows\SYSTEM32\xinput1_4.dll
0x00007ff934100000 - 0x00007ff93412d000 	C:\Windows\SYSTEM32\DEVOBJ.dll
0x00007ff934130000 - 0x00007ff934181000 	C:\Windows\SYSTEM32\cfgmgr32.dll
0x00007ff931a20000 - 0x00007ff931a4f000 	C:\Windows\SYSTEM32\dwmapi.dll
0x00007ff9174e0000 - 0x00007ff9176c5000 	C:\Windows\SYSTEM32\inputhost.dll
0x00007ff9312a0000 - 0x00007ff9313c5000 	C:\Windows\SYSTEM32\CoreMessaging.dll
0x00007ff931780000 - 0x00007ff93182a000 	C:\Windows\system32\uxtheme.dll
0x00007ff936910000 - 0x00007ff936a6d000 	C:\Windows\System32\MSCTF.dll
0x00007ff933af0000 - 0x00007ff933afc000 	C:\Windows\SYSTEM32\CRYPTBASE.DLL
0x00007ff8e7b20000 - 0x00007ff8e7c2c000 	C:\Windows\SYSTEM32\opengl32.dll
0x00007ff9177a0000 - 0x00007ff9177cd000 	C:\Windows\SYSTEM32\GLU32.dll
0x00007ff931850000 - 0x00007ff931894000 	C:\Windows\SYSTEM32\dxcore.dll
0x00007ff9154b0000 - 0x00007ff9154cd000 	C:\Windows\SYSTEM32\windows.staterepositorycore.dll
0x00007ff851fd0000 - 0x00007ff854e55000 	C:\Windows\System32\DriverStore\FileRepository\nv_dispi.inf_amd64_6f3cfb7117944855\nvoglv64.dll
0x00007ff935390000 - 0x00007ff935817000 	C:\Windows\System32\SETUPAPI.dll
0x00007ff9315f0000 - 0x00007ff93161a000 	C:\Windows\SYSTEM32\WTSAPI32.dll
0x00007ff934c10000 - 0x00007ff934d88000 	C:\Windows\System32\CRYPT32.dll
0x00007ff933530000 - 0x00007ff933579000 	C:\Windows\SYSTEM32\SspiCli.dll
0x00007ff933c40000 - 0x00007ff933c53000 	C:\Windows\SYSTEM32\msasn1.dll
0x00007ff92c3a0000 - 0x00007ff92c3db000 	C:\Windows\SYSTEM32\cryptnet.dll
0x00007ff933bd0000 - 0x00007ff933c3a000 	C:\Windows\SYSTEM32\wldp.dll
0x00007ff92c220000 - 0x00007ff92c398000 	C:\Windows\SYSTEM32\drvstore.dll
0x00007ff9333b0000 - 0x00007ff9333e6000 	C:\Windows\SYSTEM32\ntmarta.dll
0x00007ff934f80000 - 0x00007ff935003000 	C:\Windows\System32\WINTRUST.dll
0x00007ff934420000 - 0x00007ff93444a000 	C:\Windows\SYSTEM32\bcrypt.dll
0x00007ff935050000 - 0x00007ff935070000 	C:\Windows\System32\imagehlp.dll
0x00007ff933b00000 - 0x00007ff933b1b000 	C:\Windows\System32\CRYPTSP.dll
0x00007ff9331e0000 - 0x00007ff933219000 	C:\Windows\system32\rsaenh.dll
0x00007ff925640000 - 0x00007ff92b44d000 	C:\Windows\System32\DriverStore\FileRepository\nv_dispi.inf_amd64_6f3cfb7117944855\nvgpucomp64.dll
0x00007ff882640000 - 0x00007ff882787000 	C:\Windows\system32\nvspcap64.dll
0x00007ff933ce0000 - 0x00007ff933d41000 	C:\Windows\SYSTEM32\WINSTA.dll
0x00007ff910f10000 - 0x00007ff911058000 	C:\Windows\SYSTEM32\textinputframework.dll
0x00007ff92cb70000 - 0x00007ff92ce54000 	C:\Windows\SYSTEM32\CoreUIComponents.dll
0x00007ff92e5d0000 - 0x00007ff92e73a000 	C:\Windows\SYSTEM32\wintypes.dll
0x00007ff8844b0000 - 0x00007ff88450c000 	C:\Users\alexi\AppData\Local\Temp\lwjgl_alexi\3.4.1+2\x64\lwjgl_opengl.dll
0x00007ff881c50000 - 0x00007ff881cea000 	C:\Users\alexi\AppData\Local\Temp\lwjgl_alexi\3.4.1+2\x64\lwjgl_stb.dll
0x00007ff911bb0000 - 0x00007ff911bc0000 	C:\Program Files\Java\jdk-25\bin\verify.dll
0x00007ff866c30000 - 0x00007ff866db4000 	C:\Program Files\Java\jdk-25\bin\awt.dll
0x00007ff931540000 - 0x00007ff9315e0000 	C:\Windows\SYSTEM32\apphelp.dll

JVMTI agents: none

dbghelp: loaded successfully - version: 4.0.5 - missing functions: none
symbol engine: initialized successfully - sym options: 0x614 - pdb path: .;C:\Program Files\Java\jdk-25\bin;C:\Windows\SYSTEM32;C:\Windows\WinSxS\amd64_microsoft.windows.common-controls_6595b64144ccf1df_6.0.26100.8521_none_3e08b75ce33403b3;C:\Program Files\Java\jdk-25\bin\server;C:\Users\alexi\AppData\Local\Temp\imgui-java-natives\1.92.0;C:\Users\alexi\AppData\Local\Temp\lwjgl_alexi\3.4.1+2\x64;C:\Windows\System32\DriverStore\FileRepository\nv_dispi.inf_amd64_6f3cfb7117944855

VM Arguments:
jvm_args: -Dfile.encoding=UTF-8 -Duser.country=GB -Duser.language=en -Duser.variant 
java_command: com.servilious.projmtn.Game -enableDevMode
java_class_path (initial): C:\Users\alexi\Desktop\Coding Stuff\Games i try to code\ProjectMountain-Servilious-LWJGL3\build\classes\java\main;C:\Users\alexi\Desktop\Coding Stuff\Games i try to code\ProjectMountain-Servilious-LWJGL3\build\resources\main;C:\Users\alexi\.gradle\caches\modules-2\files-2.1\io.github.spair\imgui-java-app\1.92.0\f1096806f47609ab640e5379e395c052dc2c6942\imgui-java-app-1.92.0.jar;C:\Users\alexi\.gradle\caches\modules-2\files-2.1\io.github.spair\imgui-java-lwjgl3\1.92.0\172b9eb03e2f54a449d4e5a2a62ecb31695c3ca0\imgui-java-lwjgl3-1.92.0.jar;C:\Users\alexi\.gradle\caches\modules-2\files-2.1\org.lwjgl\lwjgl-freetype\3.4.1\caa75a37e857efc9b0686e434d708d6420c5b6ea\lwjgl-freetype-3.4.1.jar;C:\Users\alexi\.gradle\caches\modules-2\files-2.1\org.lwjgl\lwjgl-freetype\3.4.1\32fc9cfd236aca5433d53af78bfb15f1b4c1103e\lwjgl-freetype-3.4.1-natives-windows.jar;C:\Users\alexi\.gradle\caches\modules-2\files-2.1\org.lwjgl\lwjgl-glfw\3.4.1\a782b1ddd175c9107bf300fd92920579ea65e2a4\lwjgl-glfw-3.4.1.jar;C:\Users\alexi\.gradle\caches\modules-2\files-2.1\org.lwjgl\lwjgl-glfw\3.4.1\2eb4aa895ea190ba8cf4356f8cea24d3ebb40ea1\lwjgl-glfw-3.4.1-natives-windows.jar;C:\Users\alexi\.gradle\caches\modules-2\files-2.1\org.lwjgl\lwjgl-glfw\3.4.1\23cdf7655ce9f3b27ad90f08e73345e0d5b46362\lwjgl-glfw-3.4.1-natives-linux.jar;C:\Users\alexi\.gradle\caches\modules-2\files-2.1\org.lwjgl\lwjgl-glfw\3.4.1\3c8538942f58377d59cd7be2dc164ba71a53868a\lwjgl-glfw-3.4.1-natives-macos.jar;C:\Users\alexi\.gradle\caches\modules-2\files-2.1\org.lwjgl\lwjgl-glfw\3.4.1\ef1f8efca5a60ba3512bc4982b88e446ecc43378\lwjgl-glfw-3.4.1-natives-macos-arm64.jar;C:\Users\alexi\.gradle\caches\modules-2\files-2.1\org.lwjgl\lwjgl-jemalloc\3.4.1\16b663092854fc6adfe0a941e61cae2bb2e437b6\lwjgl-jemalloc-3.4.1.jar;C:\Users\alexi\.gradle\caches\modules-2\files-2.1\org.lwjgl\lwjgl-jemalloc\3.4.1\70db8048d1aca8a6365f46f9963b8d6cd77b9e94\lwjgl-jemalloc-3.4.1-natives-windows.jar;C:\Users\alexi\.gradle\caches\modules-2\files-2.1\org.lwjgl\lwjgl-openal\3.4.1\8508bd60589de0539aa465b78fcf838efd07ae9a\lwjgl-openal-3.4.1.jar;C:\Users\alexi\.gradle\caches\modules-2\files-2.1\org.lwjgl\lwjgl-openal\3.4.1\8e83fdfdf65c80c9877c6fb6cb645d239ed7638\lwjgl-openal-3.4.1-natives-windows.jar;C:\Users\alexi\.gradle\caches\modules-2\files-2.1\org.lwjgl\lwjgl-opengl\3.4.1\830412cab823c029cda6b9729f9d2ed36cf79959\lwjgl-opengl-3.4.1.jar;C:\Users\alexi\.gradle\caches\modules-2\files-2.1\org.lwjgl\lwjgl-opengl\3.4.1\617f37ef4e2ffb727bd5e74333e8073ef43ca1ec\lwjgl-opengl-3.4.1-natives-windows.jar;C:\Users\alexi\.gradle\caches\modules-2\files-2.1\org.lwjgl\lwjgl-opengl\3.4.1\b750599f0e75ddb19f1d0fe993f3011334b710ae\lwjgl-opengl-3.4.1-natives-linux.jar;C:\Users\alexi\.gradle\caches\modules-2\files-2.1\org.lwjgl\lwjgl-opengl\3.4.1\ba18fc6012b88494ee893506934b92b01c4ef14b\lwjgl-opengl-3.4.1-natives-macos.jar;C:\Users\alexi\.gradle\caches\modules-2\files-2.1\org.lwjgl\lwjgl-opengl\3.4.1\35b5550058de4960525f465243bd01805f04fd8b\lwjgl-opengl-3.4.1-natives-macos-arm64.jar;C:\Users\alexi\.gradle\caches\modules-2\files-2.1\org.lwjgl\lwjgl-renderdoc\3.4.1\593ca5cd6367702acb8b17014bb3bc0d29603146\lwjgl-renderdoc-3.4.1.jar;C:\Users\alexi\.gradle\caches\modules-2\files-2.1\org.lwjgl\lwjgl-stb\3.4.1\f077c3dafc31924fbe8acb0b913f08977ba27f8e\lwjgl-stb-3.4.1.jar;C:\Users\alexi\.gradle\caches\modules-2\files-2.1\org.lwjgl\lwjgl-stb\3.4.1\b4e13ece83c228ecf57354639d8555076a989d74\lwjgl-stb-3.4.1-natives-windows.jar;C:\Users\alexi\.gradle\caches\modules-2\files-2.1\org.lwjgl\lwjgl-sdl\3.4.1\ec28db6e949478044c649fea25eae43b1b161971\lwjgl-sdl-3.4.1.jar;C:\Users\alexi\.gradle\caches\modules-2\files-2.1\org.lwjgl\lwjgl-sdl\3.4.1\1da71d0ae8ff2f60a94fdb066c889c195d097607\lwjgl-sdl-3.4.1-natives-linux.jar;C:\Users\alexi\.gradle\caches\modules-2\files-2.1\org.lwjgl\lwjgl-sdl\3.4.1\b6dacfb1f46fe1cefac27b030d75b58f3644d1d3\lwjgl-sdl-3.4.1-natives-windows.jar;C:\Users\alexi\.gradle\caches\modules-2\files-2.1\org.lwjgl\lwjgl-sdl\3.4.1\ac01403f6c3b65666417185661e0ab3db0711769\lwjgl-sdl-3.4.1-natives-macos.jar;C:\Users\alexi\.gradle\caches\modules-2\files-2.1\org.lwjgl\lwjgl-sdl\3.4.1\23fcd784ae6126e49b8db333ef5015a2a58f661c\lwjgl-sdl-3.4.1-natives-macos-arm64.jar;C:\Users\alexi\.gradle\caches\modules-2\files-2.1\org.lwjgl\lwjgl\3.4.1\6105690714874b995aa7812e4f7732a21109276c\lwjgl-3.4.1.jar;C:\Users\alexi\.gradle\caches\modules-2\files-2.1\org.lwjgl\lwjgl\3.4.1\96a217f0428ab73487f114a54179a4f41e851a04\lwjgl-3.4.1-natives-windows.jar;C:\Users\alexi\.gradle\caches\modules-2\files-2.1\org.lwjgl\lwjgl\3.4.1\2734e106bd95db49fe0da8cf8bf7fd96475c436c\lwjgl-3.4.1-natives-linux.jar;C:\Users\alexi\.gradle\caches\modules-2\files-2.1\org.lwjgl\lwjgl\3.4.1\b034fd9a67cb8646c01af7efcefcb93be835542b\lwjgl-3.4.1-natives-macos.jar;C:\Users\alexi\.gradle\caches\modules-2\files-2.1\org.lwjgl\lwjgl\3.4.1\b4cbdef4818abd714ee66985344c0949fd1cd6d6\lwjgl-3.4.1-natives-macos-arm64.jar;C:\Users\alexi\.gradle\caches\modules-2\files-2.1\org.joml\joml\1.10.9\438e036486bad66b189bff385dd07dea4f74a146\joml-1.10.9.jar;C:\Users\alexi\.gradle\caches\modules-2\files-2.1\io.github.spair\imgui-java-binding\1.92.0\f56a0ef3f4c0e8c140264b92ea8bbcb5b581b3b5\imgui-java-binding-1.92.0.jar;C:\Users\alexi\.gradle\caches\modules-2\files-2.1\io.github.spair\imgui-java-natives-windows\1.92.0\eece9b8e1d62081aa6939a723d5349aba0ce174c\imgui-java-natives-windows-1.92.0.jar
Launcher Type: SUN_STANDARD

[Global flags]
     intx CICompilerCount                          = 4                                         {product} {ergonomic}
     uint ConcGCThreads                            = 3                                         {product} {ergonomic}
     uint G1ConcRefinementThreads                  = 10                                        {product} {ergonomic}
   size_t G1HeapRegionSize                         = 2097152                                   {product} {ergonomic}
   size_t InitialHeapSize                          = 264241152                                 {product} {ergonomic}
   size_t MarkStackSize                            = 4194304                                   {product} {ergonomic}
   size_t MarkStackSizeMax                         = 536870912                                 {product} {ergonomic}
   size_t MaxHeapSize                              = 4217372672                                {product} {ergonomic}
   size_t MaxNewSize                               = 2529165312                                {product} {ergonomic}
   size_t MinHeapDeltaBytes                        = 2097152                                   {product} {ergonomic}
   size_t MinHeapSize                              = 8388608                                   {product} {ergonomic}
    uintx NonNMethodCodeHeapSize                   = 5832704                                {pd product} {ergonomic}
    uintx NonProfiledCodeHeapSize                  = 122945536                              {pd product} {ergonomic}
    uintx ProfiledCodeHeapSize                     = 122880000                              {pd product} {ergonomic}
    uintx ReservedCodeCacheSize                    = 251658240                              {pd product} {ergonomic}
     bool SegmentedCodeCache                       = true                                      {product} {ergonomic}
   size_t SoftMaxHeapSize                          = 4217372672                             {manageable} {ergonomic}
     bool UseCompressedOops                        = true                           {product lp64_product} {ergonomic}
     bool UseG1GC                                  = true                                      {product} {ergonomic}
     bool UseLargePagesIndividualAllocation        = false                                  {pd product} {ergonomic}

Logging:
Log output configuration:
 #0: stdout all=warning uptime,level,tags foldmultilines=false
 #1: stderr all=off uptime,level,tags foldmultilines=false

Release file:
IMPLEMENTOR="Oracle Corporation" 
JAVA_RUNTIME_VERSION="25.0.1+8-LTS-27" 
JAVA_VERSION="25.0.1" 
JAVA_VERSION_DATE="2025-10-21" 
LIBC="default" 
MODULES="java.base java.compiler java.datatransfer java.xml java.prefs java.desktop java.instrument java.logging java.management java.security.sasl java.naming java.rmi java.management.rmi java.net.http java.scripting java.security.jgss java.transaction.xa java.sql java.sql.rowset java.xml.crypto java.se java.smartcardio jdk.accessibility jdk.internal.jvmstat jdk.attach jdk.charsets jdk.internal.opt jdk.zipfs jdk.compiler jdk.crypto.cryptoki jdk.crypto.ec jdk.crypto.mscapi jdk.dynalink jdk.internal.ed jdk.editpad jdk.internal.vm.ci jdk.graal.compiler jdk.graal.compiler.management jdk.hotspot.agent jdk.httpserver jdk.incubator.vector jdk.internal.le jdk.internal.md jdk.jartool jdk.javadoc jdk.jcmd jdk.management jdk.management.agent jdk.jconsole jdk.jdeps jdk.jdwp.agent jdk.jdi jdk.jfr jdk.jlink jdk.jpackage jdk.jshell jdk.jsobject jdk.jstatd jdk.localedata jdk.management.jfr jdk.naming.dns jdk.naming.rmi jdk.net jdk.nio.mapmode jdk.sctp jdk.security.auth jdk.security.jgss jdk.unsupported jdk.unsupported.desktop jdk.xml.dom" 
OS_ARCH="x86_64" 
OS_NAME="Windows" 
SOURCE=".:git:862c85bc42b7 open:git:78770bfaefd2" 

Environment Variables:
JAVA_HOME=C:\Program Files\Java\jdk-21.0.10
PATH=C:\Program Files\Eclipse Adoptium\jdk-8.0.482.8-hotspot\bin;C:\Windows\system32;C:\Windows;C:\Windows\System32\Wbem;C:\Windows\System32\WindowsPowerShell\v1.0\;C:\Windows\System32\OpenSSH\;C:\Program Files (x86)\NVIDIA Corporation\PhysX\Common;C:\Program Files\NVIDIA Corporation\NVIDIA App\NvDLISR;C:\Program Files\CMake\bin;C:\Program Files\Java\jdk-21.0.10\bin;C:\Program Files\Git\cmd;C:\Program Files (x86)\Microsoft ASP.NET\ASP.NET Web Pages\v1.0\;C:\Program Files\Microsoft SQL Server\110\Tools\Binn\;C:\Program Files (x86)\Windows Kits\10\Windows Performance Toolkit\;C:\Program Files\dotnet\;C:\Program Files\RenderDoc;C:\Users\alexi\AppData\Local\Programs\Eclipse Adoptium\jdk-17.0.17.10-hotspot\bin;C:\Users\alexi\AppData\Local\Microsoft\WindowsApps;C:\Program Files\RenderDoc;
USERNAME=alexi
OS=Windows_NT
PROCESSOR_IDENTIFIER=Intel64 Family 6 Model 186 Stepping 2, GenuineIntel
TMP=C:\Users\alexi\AppData\Local\Temp
TEMP=C:\Users\alexi\AppData\Local\Temp




Compilation memory statistics disabled.

Periodic native trim disabled

---------------  S Y S T E M  ---------------

OS:
 Windows 11 , 64 bit Build 26100 (10.0.26100.8521)
OS uptime: 2 days 6:05 hours
Hyper-V role detected

CPU: total 12 (initial active 12) (6 cores per cpu, 2 threads per core) family 6 model 186 stepping 2 microcode 0x4123, cx8, cmov, fxsr, ht, mmx, 3dnowpref, sse, sse2, sse3, ssse3, sse4.1, sse4.2, popcnt, lzcnt, tsc, tscinvbit, avx, avx2, aes, erms, clmul, bmi1, bmi2, adx, sha, fma, vzeroupper, clflush, clflushopt, clwb, hv, serialize, rdtscp, rdpid, fsrm, gfni, f16c, cet_ibt, cet_ss
Processor Information for processor 0
  Max Mhz: 2100, Current Mhz: 2100, Mhz Limit: 2100
Processor Information for processor 1
  Max Mhz: 2100, Current Mhz: 2100, Mhz Limit: 2100
Processor Information for processor 2
  Max Mhz: 2100, Current Mhz: 2100, Mhz Limit: 2100
Processor Information for processor 3
  Max Mhz: 2100, Current Mhz: 2100, Mhz Limit: 2100
Processor Information for processor 4
  Max Mhz: 2100, Current Mhz: 2100, Mhz Limit: 2100
Processor Information for processor 5
  Max Mhz: 2100, Current Mhz: 2100, Mhz Limit: 2100
Processor Information for processor 6
  Max Mhz: 2100, Current Mhz: 2100, Mhz Limit: 2100
Processor Information for processor 7
  Max Mhz: 2100, Current Mhz: 2100, Mhz Limit: 2100
Processor Information for processor 8
  Max Mhz: 2100, Current Mhz: 1500, Mhz Limit: 1491
Processor Information for processor 9
  Max Mhz: 2100, Current Mhz: 1500, Mhz Limit: 1491
Processor Information for processor 10
  Max Mhz: 2100, Current Mhz: 1500, Mhz Limit: 1491
Processor Information for processor 11
  Max Mhz: 2100, Current Mhz: 1500, Mhz Limit: 1491

Memory: 4k page, system-wide physical 16087M (4454M free)
TotalPageFile size 17239M (AvailPageFile size 1839M)
current process WorkingSet (physical memory assigned to process): 397M, peak: 400M
current process commit charge ("private bytes"): 654M, peak: 660M

vm_info: Java HotSpot(TM) 64-Bit Server VM (25.0.1+8-LTS-27) for windows-amd64 JRE (25.0.1+8-LTS-27), built on 2025-09-25T16:41:16Z with unknown MS VC++:1943

END.
